CRITICAL - 2022-08-23 14:47:10 --> Undefined array key 6
in APPPATH\Views\pages\show.php on line 48.
 1 APPPATH\Views\pages\show.php(48): CodeIgniter\Debug\Exceptions->errorHandler(2, 'Undefined array key 6', 'APPPATH\\Views\\pages\\show.php', 48)
 2 SYSTEMPATH\View\View.php(213): include('APPPATH\\Views\\pages\\show.php')
 3 SYSTEMPATH\View\View.php(216): CodeIgniter\View\View->CodeIgniter\View\{closure}()
 4 SYSTEMPATH\Common.php(1135): CodeIgniter\View\View->render('pages/show', [], true)
 5 APPPATH\Controllers\Result.php(57): view('pages/show', [...])
 6 SYSTEMPATH\CodeIgniter.php(896): App\Controllers\Result->show('249')
 7 SYSTEMPATH\CodeIgniter.php(466): CodeIgniter\CodeIgniter->runController(Object(App\Controllers\Result))
 8 SYSTEMPATH\CodeIgniter.php(349): CodeIgniter\CodeIgniter->handleRequest(null, Object(Config\Cache), false)
 9 FCPATH\index.php(55): CodeIgniter\CodeIgniter->run()
10 SYSTEMPATH\Commands\Server\rewrite.php(43): require_once('FCPATH\\index.php')
CRITICAL - 2022-08-23 15:47:09 --> Undefined property: App\Controllers\Neighbors::$session
in APPPATH\Controllers\Neighbors.php on line 19.
 1 APPPATH\Controllers\Neighbors.php(19): CodeIgniter\Debug\Exceptions->errorHandler(2, 'Undefined property: App\\Controllers\\Neighbors::$session', 'APPPATH\\Controllers\\Neighbors.php', 19)
 2 SYSTEMPATH\CodeIgniter.php(896): App\Controllers\Neighbors->create()
 3 SYSTEMPATH\CodeIgniter.php(466): CodeIgniter\CodeIgniter->runController(Object(App\Controllers\Neighbors))
 4 SYSTEMPATH\CodeIgniter.php(349): CodeIgniter\CodeIgniter->handleRequest(null, Object(Config\Cache), false)
 5 FCPATH\index.php(55): CodeIgniter\CodeIgniter->run()
 6 SYSTEMPATH\Commands\Server\rewrite.php(43): require_once('FCPATH\\index.php')
CRITICAL - 2022-08-23 15:52:43 --> Undefined property: App\Controllers\Neighbors::$session
in APPPATH\Controllers\Neighbors.php on line 55.
 1 APPPATH\Controllers\Neighbors.php(55): CodeIgniter\Debug\Exceptions->errorHandler(2, 'Undefined property: App\\Controllers\\Neighbors::$session', 'APPPATH\\Controllers\\Neighbors.php', 55)
 2 SYSTEMPATH\CodeIgniter.php(896): App\Controllers\Neighbors->predict()
 3 SYSTEMPATH\CodeIgniter.php(466): CodeIgniter\CodeIgniter->runController(Object(App\Controllers\Neighbors))
 4 SYSTEMPATH\CodeIgniter.php(349): CodeIgniter\CodeIgniter->handleRequest(null, Object(Config\Cache), false)
 5 FCPATH\index.php(55): CodeIgniter\CodeIgniter->run()
 6 SYSTEMPATH\Commands\Server\rewrite.php(43): require_once('FCPATH\\index.php')
CRITICAL - 2022-08-23 15:53:38 --> File "machine/hasil/" does not exist.
in VENDORPATH\phpoffice\phpspreadsheet\src\PhpSpreadsheet\Shared\File.php on line 149.
 1 VENDORPATH\phpoffice\phpspreadsheet\src\PhpSpreadsheet\Reader\Xlsx.php(393): PhpOffice\PhpSpreadsheet\Shared\File::assertFile('FCPATH\\machine\\hasil', '_rels/.rels')
 2 VENDORPATH\phpoffice\phpspreadsheet\src\PhpSpreadsheet\Reader\BaseReader.php(166): PhpOffice\PhpSpreadsheet\Reader\Xlsx->loadSpreadsheetFromFile('FCPATH\\machine\\hasil')
 3 APPPATH\Controllers\Neighbors.php(81): PhpOffice\PhpSpreadsheet\Reader\BaseReader->load('FCPATH\\machine\\hasil')
 4 SYSTEMPATH\CodeIgniter.php(896): App\Controllers\Neighbors->result()
 5 SYSTEMPATH\CodeIgniter.php(466): CodeIgniter\CodeIgniter->runController(Object(App\Controllers\Neighbors))
 6 SYSTEMPATH\CodeIgniter.php(349): CodeIgniter\CodeIgniter->handleRequest(null, Object(Config\Cache), false)
 7 FCPATH\index.php(55): CodeIgniter\CodeIgniter->run()
 8 SYSTEMPATH\Commands\Server\rewrite.php(43): require_once('FCPATH\\index.php')
CRITICAL - 2022-08-23 16:10:13 --> Undefined array key 5
in APPPATH\Views\pages\result.php on line 45.
 1 APPPATH\Views\pages\result.php(45): CodeIgniter\Debug\Exceptions->errorHandler(2, 'Undefined array key 5', 'APPPATH\\Views\\pages\\result.php', 45)
 2 SYSTEMPATH\View\View.php(213): include('APPPATH\\Views\\pages\\result.php')
 3 SYSTEMPATH\View\View.php(216): CodeIgniter\View\View->CodeIgniter\View\{closure}()
 4 SYSTEMPATH\Common.php(1135): CodeIgniter\View\View->render('pages/result', [], true)
 5 APPPATH\Controllers\Neighbors.php(97): view('pages/result', [...])
 6 SYSTEMPATH\CodeIgniter.php(896): App\Controllers\Neighbors->result()
 7 SYSTEMPATH\CodeIgniter.php(466): CodeIgniter\CodeIgniter->runController(Object(App\Controllers\Neighbors))
 8 SYSTEMPATH\CodeIgniter.php(349): CodeIgniter\CodeIgniter->handleRequest(null, Object(Config\Cache), false)
 9 FCPATH\index.php(55): CodeIgniter\CodeIgniter->run()
10 SYSTEMPATH\Commands\Server\rewrite.php(43): require_once('FCPATH\\index.php')
CRITICAL - 2022-08-23 16:10:25 --> Undefined array key 5
in APPPATH\Views\pages\result.php on line 45.
 1 APPPATH\Views\pages\result.php(45): CodeIgniter\Debug\Exceptions->errorHandler(2, 'Undefined array key 5', 'APPPATH\\Views\\pages\\result.php', 45)
 2 SYSTEMPATH\View\View.php(213): include('APPPATH\\Views\\pages\\result.php')
 3 SYSTEMPATH\View\View.php(216): CodeIgniter\View\View->CodeIgniter\View\{closure}()
 4 SYSTEMPATH\Common.php(1135): CodeIgniter\View\View->render('pages/result', [], true)
 5 APPPATH\Controllers\Neighbors.php(97): view('pages/result', [...])
 6 SYSTEMPATH\CodeIgniter.php(896): App\Controllers\Neighbors->result()
 7 SYSTEMPATH\CodeIgniter.php(466): CodeIgniter\CodeIgniter->runController(Object(App\Controllers\Neighbors))
 8 SYSTEMPATH\CodeIgniter.php(349): CodeIgniter\CodeIgniter->handleRequest(null, Object(Config\Cache), false)
 9 FCPATH\index.php(55): CodeIgniter\CodeIgniter->run()
10 SYSTEMPATH\Commands\Server\rewrite.php(43): require_once('FCPATH\\index.php')
CRITICAL - 2022-08-23 16:12:32 --> Attempt to read property "getLastRow" on array
in APPPATH\Controllers\Neighbors.php on line 58.
 1 APPPATH\Controllers\Neighbors.php(58): CodeIgniter\Debug\Exceptions->errorHandler(2, 'Attempt to read property "getLastRow" on array', 'APPPATH\\Controllers\\Neighbors.php', 58)
 2 SYSTEMPATH\CodeIgniter.php(896): App\Controllers\Neighbors->predict()
 3 SYSTEMPATH\CodeIgniter.php(466): CodeIgniter\CodeIgniter->runController(Object(App\Controllers\Neighbors))
 4 SYSTEMPATH\CodeIgniter.php(349): CodeIgniter\CodeIgniter->handleRequest(null, Object(Config\Cache), false)
 5 FCPATH\index.php(55): CodeIgniter\CodeIgniter->run()
 6 SYSTEMPATH\Commands\Server\rewrite.php(43): require_once('FCPATH\\index.php')
CRITICAL - 2022-08-23 16:12:36 --> Call to a member function getLastRow() on array
in APPPATH\Controllers\Neighbors.php on line 58.
 1 SYSTEMPATH\CodeIgniter.php(896): App\Controllers\Neighbors->predict()
 2 SYSTEMPATH\CodeIgniter.php(466): CodeIgniter\CodeIgniter->runController(Object(App\Controllers\Neighbors))
 3 SYSTEMPATH\CodeIgniter.php(349): CodeIgniter\CodeIgniter->handleRequest(null, Object(Config\Cache), false)
 4 FCPATH\index.php(55): CodeIgniter\CodeIgniter->run()
 5 SYSTEMPATH\Commands\Server\rewrite.php(43): require_once('FCPATH\\index.php')
CRITICAL - 2022-08-23 16:13:50 --> Call to undefined method App\Models\PredictsModel::getLastRow
in SYSTEMPATH\Model.php on line 773.
 1 APPPATH\Controllers\Neighbors.php(58): CodeIgniter\Model->__call('getLastRow', [...])
 2 SYSTEMPATH\CodeIgniter.php(896): App\Controllers\Neighbors->predict()
 3 SYSTEMPATH\CodeIgniter.php(466): CodeIgniter\CodeIgniter->runController(Object(App\Controllers\Neighbors))
 4 SYSTEMPATH\CodeIgniter.php(349): CodeIgniter\CodeIgniter->handleRequest(null, Object(Config\Cache), false)
 5 FCPATH\index.php(55): CodeIgniter\CodeIgniter->run()
 6 SYSTEMPATH\Commands\Server\rewrite.php(43): require_once('FCPATH\\index.php')
CRITICAL - 2022-08-23 16:13:51 --> Call to undefined method App\Models\PredictsModel::getLastRow
in SYSTEMPATH\Model.php on line 773.
 1 APPPATH\Controllers\Neighbors.php(58): CodeIgniter\Model->__call('getLastRow', [...])
 2 SYSTEMPATH\CodeIgniter.php(896): App\Controllers\Neighbors->predict()
 3 SYSTEMPATH\CodeIgniter.php(466): CodeIgniter\CodeIgniter->runController(Object(App\Controllers\Neighbors))
 4 SYSTEMPATH\CodeIgniter.php(349): CodeIgniter\CodeIgniter->handleRequest(null, Object(Config\Cache), false)
 5 FCPATH\index.php(55): CodeIgniter\CodeIgniter->run()
 6 SYSTEMPATH\Commands\Server\rewrite.php(43): require_once('FCPATH\\index.php')
CRITICAL - 2022-08-23 16:14:04 --> Call to undefined method App\Models\PredictsModel::getLastRow
in SYSTEMPATH\Model.php on line 773.
 1 APPPATH\Controllers\Neighbors.php(58): CodeIgniter\Model->__call('getLastRow', [...])
 2 SYSTEMPATH\CodeIgniter.php(896): App\Controllers\Neighbors->predict()
 3 SYSTEMPATH\CodeIgniter.php(466): CodeIgniter\CodeIgniter->runController(Object(App\Controllers\Neighbors))
 4 SYSTEMPATH\CodeIgniter.php(349): CodeIgniter\CodeIgniter->handleRequest(null, Object(Config\Cache), false)
 5 FCPATH\index.php(55): CodeIgniter\CodeIgniter->run()
 6 SYSTEMPATH\Commands\Server\rewrite.php(43): require_once('FCPATH\\index.php')
CRITICAL - 2022-08-23 16:14:12 --> mysqli_result::fetch_object(): Argument #1 ($class) must be a valid class name, banding given
in SYSTEMPATH\Database\MySQLi\Result.php on line 148.
 1 SYSTEMPATH\Database\MySQLi\Result.php(148): mysqli_result->fetch_object('banding')
 2 SYSTEMPATH\Database\BaseResult.php(149): CodeIgniter\Database\MySQLi\Result->fetchObject('banding')
 3 SYSTEMPATH\Database\BaseResult.php(106): CodeIgniter\Database\BaseResult->getCustomResultObject('banding')
 4 SYSTEMPATH\Database\BaseResult.php(389): CodeIgniter\Database\BaseResult->getResult('banding')
 5 APPPATH\Controllers\Neighbors.php(58): CodeIgniter\Database\BaseResult->getLastRow('banding')
 6 SYSTEMPATH\CodeIgniter.php(896): App\Controllers\Neighbors->predict()
 7 SYSTEMPATH\CodeIgniter.php(466): CodeIgniter\CodeIgniter->runController(Object(App\Controllers\Neighbors))
 8 SYSTEMPATH\CodeIgniter.php(349): CodeIgniter\CodeIgniter->handleRequest(null, Object(Config\Cache), false)
 9 FCPATH\index.php(55): CodeIgniter\CodeIgniter->run()
10 SYSTEMPATH\Commands\Server\rewrite.php(43): require_once('FCPATH\\index.php')
CRITICAL - 2022-08-23 16:14:39 --> Call to undefined method stdClass::findColumn()
in APPPATH\Controllers\Neighbors.php on line 58.
 1 SYSTEMPATH\CodeIgniter.php(896): App\Controllers\Neighbors->predict()
 2 SYSTEMPATH\CodeIgniter.php(466): CodeIgniter\CodeIgniter->runController(Object(App\Controllers\Neighbors))
 3 SYSTEMPATH\CodeIgniter.php(349): CodeIgniter\CodeIgniter->handleRequest(null, Object(Config\Cache), false)
 4 FCPATH\index.php(55): CodeIgniter\CodeIgniter->run()
 5 SYSTEMPATH\Commands\Server\rewrite.php(43): require_once('FCPATH\\index.php')
CRITICAL - 2022-08-23 16:18:15 --> Undefined array key 7
in APPPATH\Views\pages\result.php on line 49.
 1 APPPATH\Views\pages\result.php(49): CodeIgniter\Debug\Exceptions->errorHandler(2, 'Undefined array key 7', 'APPPATH\\Views\\pages\\result.php', 49)
 2 SYSTEMPATH\View\View.php(213): include('APPPATH\\Views\\pages\\result.php')
 3 SYSTEMPATH\View\View.php(216): CodeIgniter\View\View->CodeIgniter\View\{closure}()
 4 SYSTEMPATH\Common.php(1135): CodeIgniter\View\View->render('pages/result', [], true)
 5 APPPATH\Controllers\Neighbors.php(98): view('pages/result', [...])
 6 SYSTEMPATH\CodeIgniter.php(896): App\Controllers\Neighbors->result()
 7 SYSTEMPATH\CodeIgniter.php(466): CodeIgniter\CodeIgniter->runController(Object(App\Controllers\Neighbors))
 8 SYSTEMPATH\CodeIgniter.php(349): CodeIgniter\CodeIgniter->handleRequest(null, Object(Config\Cache), false)
 9 FCPATH\index.php(55): CodeIgniter\CodeIgniter->run()
10 SYSTEMPATH\Commands\Server\rewrite.php(43): require_once('FCPATH\\index.php')
CRITICAL - 2022-08-23 16:32:15 --> Undefined array key 6
in APPPATH\Views\pages\result2.php on line 47.
 1 APPPATH\Views\pages\result2.php(47): CodeIgniter\Debug\Exceptions->errorHandler(2, 'Undefined array key 6', 'APPPATH\\Views\\pages\\result2.php', 47)
 2 SYSTEMPATH\View\View.php(213): include('APPPATH\\Views\\pages\\result2.php')
 3 SYSTEMPATH\View\View.php(216): CodeIgniter\View\View->CodeIgniter\View\{closure}()
 4 SYSTEMPATH\Common.php(1135): CodeIgniter\View\View->render('pages/result2', [], true)
 5 APPPATH\Controllers\Neighbors.php(123): view('pages/result2', [...])
 6 SYSTEMPATH\CodeIgniter.php(896): App\Controllers\Neighbors->result2()
 7 SYSTEMPATH\CodeIgniter.php(466): CodeIgniter\CodeIgniter->runController(Object(App\Controllers\Neighbors))
 8 SYSTEMPATH\CodeIgniter.php(349): CodeIgniter\CodeIgniter->handleRequest(null, Object(Config\Cache), false)
 9 FCPATH\index.php(55): CodeIgniter\CodeIgniter->run()
10 SYSTEMPATH\Commands\Server\rewrite.php(43): require_once('FCPATH\\index.php')
CRITICAL - 2022-08-23 16:36:11 --> File "machine/hasil/" does not exist.
in VENDORPATH\phpoffice\phpspreadsheet\src\PhpSpreadsheet\Shared\File.php on line 149.
 1 VENDORPATH\phpoffice\phpspreadsheet\src\PhpSpreadsheet\Reader\Xlsx.php(393): PhpOffice\PhpSpreadsheet\Shared\File::assertFile('FCPATH\\machine\\hasil', '_rels/.rels')
 2 VENDORPATH\phpoffice\phpspreadsheet\src\PhpSpreadsheet\Reader\BaseReader.php(166): PhpOffice\PhpSpreadsheet\Reader\Xlsx->loadSpreadsheetFromFile('FCPATH\\machine\\hasil')
 3 APPPATH\Controllers\Neighbors.php(110): PhpOffice\PhpSpreadsheet\Reader\BaseReader->load('FCPATH\\machine\\hasil')
 4 SYSTEMPATH\CodeIgniter.php(896): App\Controllers\Neighbors->result2()
 5 SYSTEMPATH\CodeIgniter.php(466): CodeIgniter\CodeIgniter->runController(Object(App\Controllers\Neighbors))
 6 SYSTEMPATH\CodeIgniter.php(349): CodeIgniter\CodeIgniter->handleRequest(null, Object(Config\Cache), false)
 7 FCPATH\index.php(55): CodeIgniter\CodeIgniter->run()
 8 SYSTEMPATH\Commands\Server\rewrite.php(43): require_once('FCPATH\\index.php')
CRITICAL - 2022-08-23 16:36:17 --> File "machine/hasil/" does not exist.
in VENDORPATH\phpoffice\phpspreadsheet\src\PhpSpreadsheet\Shared\File.php on line 149.
 1 VENDORPATH\phpoffice\phpspreadsheet\src\PhpSpreadsheet\Reader\Xlsx.php(393): PhpOffice\PhpSpreadsheet\Shared\File::assertFile('FCPATH\\machine\\hasil', '_rels/.rels')
 2 VENDORPATH\phpoffice\phpspreadsheet\src\PhpSpreadsheet\Reader\BaseReader.php(166): PhpOffice\PhpSpreadsheet\Reader\Xlsx->loadSpreadsheetFromFile('FCPATH\\machine\\hasil')
 3 APPPATH\Controllers\Neighbors.php(110): PhpOffice\PhpSpreadsheet\Reader\BaseReader->load('FCPATH\\machine\\hasil')
 4 SYSTEMPATH\CodeIgniter.php(896): App\Controllers\Neighbors->result2()
 5 SYSTEMPATH\CodeIgniter.php(466): CodeIgniter\CodeIgniter->runController(Object(App\Controllers\Neighbors))
 6 SYSTEMPATH\CodeIgniter.php(349): CodeIgniter\CodeIgniter->handleRequest(null, Object(Config\Cache), false)
 7 FCPATH\index.php(55): CodeIgniter\CodeIgniter->run()
 8 SYSTEMPATH\Commands\Server\rewrite.php(43): require_once('FCPATH\\index.php')
CRITICAL - 2022-08-23 18:33:29 --> Undefined array key 5
in APPPATH\Views\pages\result.php on line 43.
 1 APPPATH\Views\pages\result.php(43): CodeIgniter\Debug\Exceptions->errorHandler(2, 'Undefined array key 5', 'APPPATH\\Views\\pages\\result.php', 43)
 2 SYSTEMPATH\View\View.php(213): include('APPPATH\\Views\\pages\\result.php')
 3 SYSTEMPATH\View\View.php(216): CodeIgniter\View\View->CodeIgniter\View\{closure}()
 4 SYSTEMPATH\Common.php(1135): CodeIgniter\View\View->render('pages/result', [], true)
 5 APPPATH\Controllers\Neighbors.php(101): view('pages/result', [...])
 6 SYSTEMPATH\CodeIgniter.php(896): App\Controllers\Neighbors->result()
 7 SYSTEMPATH\CodeIgniter.php(466): CodeIgniter\CodeIgniter->runController(Object(App\Controllers\Neighbors))
 8 SYSTEMPATH\CodeIgniter.php(349): CodeIgniter\CodeIgniter->handleRequest(null, Object(Config\Cache), false)
 9 FCPATH\index.php(55): CodeIgniter\CodeIgniter->run()
10 SYSTEMPATH\Commands\Server\rewrite.php(43): require_once('FCPATH\\index.php')
CRITICAL - 2022-08-23 19:09:27 --> File "machine/hasil/" does not exist.
in VENDORPATH\phpoffice\phpspreadsheet\src\PhpSpreadsheet\Shared\File.php on line 149.
 1 VENDORPATH\phpoffice\phpspreadsheet\src\PhpSpreadsheet\Reader\Xlsx.php(393): PhpOffice\PhpSpreadsheet\Shared\File::assertFile('FCPATH\\machine\\hasil', '_rels/.rels')
 2 VENDORPATH\phpoffice\phpspreadsheet\src\PhpSpreadsheet\Reader\BaseReader.php(166): PhpOffice\PhpSpreadsheet\Reader\Xlsx->loadSpreadsheetFromFile('FCPATH\\machine\\hasil')
 3 APPPATH\Controllers\Randomforest.php(74): PhpOffice\PhpSpreadsheet\Reader\BaseReader->load('FCPATH\\machine\\hasil')
 4 SYSTEMPATH\CodeIgniter.php(896): App\Controllers\Randomforest->result()
 5 SYSTEMPATH\CodeIgniter.php(466): CodeIgniter\CodeIgniter->runController(Object(App\Controllers\Randomforest))
 6 SYSTEMPATH\CodeIgniter.php(349): CodeIgniter\CodeIgniter->handleRequest(null, Object(Config\Cache), false)
 7 FCPATH\index.php(55): CodeIgniter\CodeIgniter->run()
 8 SYSTEMPATH\Commands\Server\rewrite.php(43): require_once('FCPATH\\index.php')
CRITICAL - 2022-08-23 20:52:26 --> File "machine/hasil/" does not exist.
in VENDORPATH\phpoffice\phpspreadsheet\src\PhpSpreadsheet\Shared\File.php on line 149.
 1 VENDORPATH\phpoffice\phpspreadsheet\src\PhpSpreadsheet\Reader\Xlsx.php(393): PhpOffice\PhpSpreadsheet\Shared\File::assertFile('FCPATH\\machine\\hasil', '_rels/.rels')
 2 VENDORPATH\phpoffice\phpspreadsheet\src\PhpSpreadsheet\Reader\BaseReader.php(166): PhpOffice\PhpSpreadsheet\Reader\Xlsx->loadSpreadsheetFromFile('FCPATH\\machine\\hasil')
 3 APPPATH\Controllers\Randomforest.php(74): PhpOffice\PhpSpreadsheet\Reader\BaseReader->load('FCPATH\\machine\\hasil')
 4 SYSTEMPATH\CodeIgniter.php(896): App\Controllers\Randomforest->result()
 5 SYSTEMPATH\CodeIgniter.php(466): CodeIgniter\CodeIgniter->runController(Object(App\Controllers\Randomforest))
 6 SYSTEMPATH\CodeIgniter.php(349): CodeIgniter\CodeIgniter->handleRequest(null, Object(Config\Cache), false)
 7 FCPATH\index.php(55): CodeIgniter\CodeIgniter->run()
 8 SYSTEMPATH\Commands\Server\rewrite.php(43): require_once('FCPATH\\index.php')
CRITICAL - 2022-08-23 20:53:10 --> File "machine/hasil/" does not exist.
in VENDORPATH\phpoffice\phpspreadsheet\src\PhpSpreadsheet\Shared\File.php on line 149.
 1 VENDORPATH\phpoffice\phpspreadsheet\src\PhpSpreadsheet\Reader\Xlsx.php(393): PhpOffice\PhpSpreadsheet\Shared\File::assertFile('FCPATH\\machine\\hasil', '_rels/.rels')
 2 VENDORPATH\phpoffice\phpspreadsheet\src\PhpSpreadsheet\Reader\BaseReader.php(166): PhpOffice\PhpSpreadsheet\Reader\Xlsx->loadSpreadsheetFromFile('FCPATH\\machine\\hasil')
 3 APPPATH\Controllers\Randomforest.php(76): PhpOffice\PhpSpreadsheet\Reader\BaseReader->load('FCPATH\\machine\\hasil')
 4 SYSTEMPATH\CodeIgniter.php(896): App\Controllers\Randomforest->result()
 5 SYSTEMPATH\CodeIgniter.php(466): CodeIgniter\CodeIgniter->runController(Object(App\Controllers\Randomforest))
 6 SYSTEMPATH\CodeIgniter.php(349): CodeIgniter\CodeIgniter->handleRequest(null, Object(Config\Cache), false)
 7 FCPATH\index.php(55): CodeIgniter\CodeIgniter->run()
 8 SYSTEMPATH\Commands\Server\rewrite.php(43): require_once('FCPATH\\index.php')
CRITICAL - 2022-08-23 20:54:48 --> Undefined variable $algoritma2
in APPPATH\Views\pages\result3.php on line 32.
 1 APPPATH\Views\pages\result3.php(32): CodeIgniter\Debug\Exceptions->errorHandler(2, 'Undefined variable $algoritma2', 'APPPATH\\Views\\pages\\result3.php', 32)
 2 SYSTEMPATH\View\View.php(213): include('APPPATH\\Views\\pages\\result3.php')
 3 SYSTEMPATH\View\View.php(216): CodeIgniter\View\View->CodeIgniter\View\{closure}()
 4 SYSTEMPATH\Common.php(1135): CodeIgniter\View\View->render('pages/result3', [], true)
 5 APPPATH\Controllers\Randomforest.php(150): view('pages/result3', [...])
 6 SYSTEMPATH\CodeIgniter.php(896): App\Controllers\Randomforest->result3()
 7 SYSTEMPATH\CodeIgniter.php(466): CodeIgniter\CodeIgniter->runController(Object(App\Controllers\Randomforest))
 8 SYSTEMPATH\CodeIgniter.php(349): CodeIgniter\CodeIgniter->handleRequest(null, Object(Config\Cache), false)
 9 FCPATH\index.php(55): CodeIgniter\CodeIgniter->run()
10 SYSTEMPATH\Commands\Server\rewrite.php(43): require_once('FCPATH\\index.php')
CRITICAL - 2022-08-23 20:56:30 --> File "machine/hasil/" does not exist.
in VENDORPATH\phpoffice\phpspreadsheet\src\PhpSpreadsheet\Shared\File.php on line 149.
 1 VENDORPATH\phpoffice\phpspreadsheet\src\PhpSpreadsheet\Reader\Xlsx.php(393): PhpOffice\PhpSpreadsheet\Shared\File::assertFile('FCPATH\\machine\\hasil', '_rels/.rels')
 2 VENDORPATH\phpoffice\phpspreadsheet\src\PhpSpreadsheet\Reader\BaseReader.php(166): PhpOffice\PhpSpreadsheet\Reader\Xlsx->loadSpreadsheetFromFile('FCPATH\\machine\\hasil')
 3 APPPATH\Controllers\Randomforest.php(78): PhpOffice\PhpSpreadsheet\Reader\BaseReader->load('FCPATH\\machine\\hasil')
 4 SYSTEMPATH\CodeIgniter.php(896): App\Controllers\Randomforest->result()
 5 SYSTEMPATH\CodeIgniter.php(466): CodeIgniter\CodeIgniter->runController(Object(App\Controllers\Randomforest))
 6 SYSTEMPATH\CodeIgniter.php(349): CodeIgniter\CodeIgniter->handleRequest(null, Object(Config\Cache), false)
 7 FCPATH\index.php(55): CodeIgniter\CodeIgniter->run()
 8 SYSTEMPATH\Commands\Server\rewrite.php(43): require_once('FCPATH\\index.php')
CRITICAL - 2022-08-23 21:06:24 --> Undefined array key 6
in APPPATH\Views\pages\result3.php on line 47.
 1 APPPATH\Views\pages\result3.php(47): CodeIgniter\Debug\Exceptions->errorHandler(2, 'Undefined array key 6', 'APPPATH\\Views\\pages\\result3.php', 47)
 2 SYSTEMPATH\View\View.php(213): include('APPPATH\\Views\\pages\\result3.php')
 3 SYSTEMPATH\View\View.php(216): CodeIgniter\View\View->CodeIgniter\View\{closure}()
 4 SYSTEMPATH\Common.php(1135): CodeIgniter\View\View->render('pages/result3', [], true)
 5 APPPATH\Controllers\Randomforest.php(152): view('pages/result3', [...])
 6 SYSTEMPATH\CodeIgniter.php(896): App\Controllers\Randomforest->result3()
 7 SYSTEMPATH\CodeIgniter.php(466): CodeIgniter\CodeIgniter->runController(Object(App\Controllers\Randomforest))
 8 SYSTEMPATH\CodeIgniter.php(349): CodeIgniter\CodeIgniter->handleRequest(null, Object(Config\Cache), false)
 9 FCPATH\index.php(55): CodeIgniter\CodeIgniter->run()
10 SYSTEMPATH\Commands\Server\rewrite.php(43): require_once('FCPATH\\index.php')
CRITICAL - 2022-08-23 21:07:11 --> Undefined array key 6
in APPPATH\Views\pages\result3.php on line 47.
 1 APPPATH\Views\pages\result3.php(47): CodeIgniter\Debug\Exceptions->errorHandler(2, 'Undefined array key 6', 'APPPATH\\Views\\pages\\result3.php', 47)
 2 SYSTEMPATH\View\View.php(213): include('APPPATH\\Views\\pages\\result3.php')
 3 SYSTEMPATH\View\View.php(216): CodeIgniter\View\View->CodeIgniter\View\{closure}()
 4 SYSTEMPATH\Common.php(1135): CodeIgniter\View\View->render('pages/result3', [], true)
 5 APPPATH\Controllers\Randomforest.php(152): view('pages/result3', [...])
 6 SYSTEMPATH\CodeIgniter.php(896): App\Controllers\Randomforest->result3()
 7 SYSTEMPATH\CodeIgniter.php(466): CodeIgniter\CodeIgniter->runController(Object(App\Controllers\Randomforest))
 8 SYSTEMPATH\CodeIgniter.php(349): CodeIgniter\CodeIgniter->handleRequest(null, Object(Config\Cache), false)
 9 FCPATH\index.php(55): CodeIgniter\CodeIgniter->run()
10 SYSTEMPATH\Commands\Server\rewrite.php(43): require_once('FCPATH\\index.php')
CRITICAL - 2022-08-23 21:07:48 --> Undefined array key 6
in APPPATH\Views\pages\result3.php on line 47.
 1 APPPATH\Views\pages\result3.php(47): CodeIgniter\Debug\Exceptions->errorHandler(2, 'Undefined array key 6', 'APPPATH\\Views\\pages\\result3.php', 47)
 2 SYSTEMPATH\View\View.php(213): include('APPPATH\\Views\\pages\\result3.php')
 3 SYSTEMPATH\View\View.php(216): CodeIgniter\View\View->CodeIgniter\View\{closure}()
 4 SYSTEMPATH\Common.php(1135): CodeIgniter\View\View->render('pages/result3', [], true)
 5 APPPATH\Controllers\Randomforest.php(152): view('pages/result3', [...])
 6 SYSTEMPATH\CodeIgniter.php(896): App\Controllers\Randomforest->result3()
 7 SYSTEMPATH\CodeIgniter.php(466): CodeIgniter\CodeIgniter->runController(Object(App\Controllers\Randomforest))
 8 SYSTEMPATH\CodeIgniter.php(349): CodeIgniter\CodeIgniter->handleRequest(null, Object(Config\Cache), false)
 9 FCPATH\index.php(55): CodeIgniter\CodeIgniter->run()
10 SYSTEMPATH\Commands\Server\rewrite.php(43): require_once('FCPATH\\index.php')
CRITICAL - 2022-08-23 21:08:14 --> Undefined array key 6
in APPPATH\Views\pages\result3.php on line 47.
 1 APPPATH\Views\pages\result3.php(47): CodeIgniter\Debug\Exceptions->errorHandler(2, 'Undefined array key 6', 'APPPATH\\Views\\pages\\result3.php', 47)
 2 SYSTEMPATH\View\View.php(213): include('APPPATH\\Views\\pages\\result3.php')
 3 SYSTEMPATH\View\View.php(216): CodeIgniter\View\View->CodeIgniter\View\{closure}()
 4 SYSTEMPATH\Common.php(1135): CodeIgniter\View\View->render('pages/result3', [], true)
 5 APPPATH\Controllers\Randomforest.php(152): view('pages/result3', [...])
 6 SYSTEMPATH\CodeIgniter.php(896): App\Controllers\Randomforest->result3()
 7 SYSTEMPATH\CodeIgniter.php(466): CodeIgniter\CodeIgniter->runController(Object(App\Controllers\Randomforest))
 8 SYSTEMPATH\CodeIgniter.php(349): CodeIgniter\CodeIgniter->handleRequest(null, Object(Config\Cache), false)
 9 FCPATH\index.php(55): CodeIgniter\CodeIgniter->run()
10 SYSTEMPATH\Commands\Server\rewrite.php(43): require_once('FCPATH\\index.php')
CRITICAL - 2022-08-23 21:14:15 --> File "machine/hasil/" does not exist.
in VENDORPATH\phpoffice\phpspreadsheet\src\PhpSpreadsheet\Shared\File.php on line 149.
 1 VENDORPATH\phpoffice\phpspreadsheet\src\PhpSpreadsheet\Reader\Xlsx.php(393): PhpOffice\PhpSpreadsheet\Shared\File::assertFile('FCPATH\\machine\\hasil', '_rels/.rels')
 2 VENDORPATH\phpoffice\phpspreadsheet\src\PhpSpreadsheet\Reader\BaseReader.php(166): PhpOffice\PhpSpreadsheet\Reader\Xlsx->loadSpreadsheetFromFile('FCPATH\\machine\\hasil')
 3 APPPATH\Controllers\TreeBoosting.php(103): PhpOffice\PhpSpreadsheet\Reader\BaseReader->load('FCPATH\\machine\\hasil')
 4 SYSTEMPATH\CodeIgniter.php(896): App\Controllers\TreeBoosting->result2()
 5 SYSTEMPATH\CodeIgniter.php(466): CodeIgniter\CodeIgniter->runController(Object(App\Controllers\TreeBoosting))
 6 SYSTEMPATH\CodeIgniter.php(349): CodeIgniter\CodeIgniter->handleRequest(null, Object(Config\Cache), false)
 7 FCPATH\index.php(55): CodeIgniter\CodeIgniter->run()
 8 SYSTEMPATH\Commands\Server\rewrite.php(43): require_once('FCPATH\\index.php')
CRITICAL - 2022-08-23 21:15:56 --> File "machine/hasil/" does not exist.
in VENDORPATH\phpoffice\phpspreadsheet\src\PhpSpreadsheet\Shared\File.php on line 149.
 1 VENDORPATH\phpoffice\phpspreadsheet\src\PhpSpreadsheet\Reader\Xlsx.php(393): PhpOffice\PhpSpreadsheet\Shared\File::assertFile('FCPATH\\machine\\hasil', '_rels/.rels')
 2 VENDORPATH\phpoffice\phpspreadsheet\src\PhpSpreadsheet\Reader\BaseReader.php(166): PhpOffice\PhpSpreadsheet\Reader\Xlsx->loadSpreadsheetFromFile('FCPATH\\machine\\hasil')
 3 APPPATH\Controllers\TreeBoosting.php(103): PhpOffice\PhpSpreadsheet\Reader\BaseReader->load('FCPATH\\machine\\hasil')
 4 SYSTEMPATH\CodeIgniter.php(896): App\Controllers\TreeBoosting->result2()
 5 SYSTEMPATH\CodeIgniter.php(466): CodeIgniter\CodeIgniter->runController(Object(App\Controllers\TreeBoosting))
 6 SYSTEMPATH\CodeIgniter.php(349): CodeIgniter\CodeIgniter->handleRequest(null, Object(Config\Cache), false)
 7 FCPATH\index.php(55): CodeIgniter\CodeIgniter->run()
 8 SYSTEMPATH\Commands\Server\rewrite.php(43): require_once('FCPATH\\index.php')
CRITICAL - 2022-08-23 21:47:24 --> Undefined array key 5
in APPPATH\Views\pages\show2.php on line 51.
 1 APPPATH\Views\pages\show2.php(51): CodeIgniter\Debug\Exceptions->errorHandler(2, 'Undefined array key 5', 'APPPATH\\Views\\pages\\show2.php', 51)
 2 SYSTEMPATH\View\View.php(213): include('APPPATH\\Views\\pages\\show2.php')
 3 SYSTEMPATH\View\View.php(216): CodeIgniter\View\View->CodeIgniter\View\{closure}()
 4 SYSTEMPATH\Common.php(1135): CodeIgniter\View\View->render('pages/show2', [], true)
 5 APPPATH\Controllers\Result.php(64): view('pages/show2', [...])
 6 SYSTEMPATH\CodeIgniter.php(896): App\Controllers\Result->show('305')
 7 SYSTEMPATH\CodeIgniter.php(466): CodeIgniter\CodeIgniter->runController(Object(App\Controllers\Result))
 8 SYSTEMPATH\CodeIgniter.php(349): CodeIgniter\CodeIgniter->handleRequest(null, Object(Config\Cache), false)
 9 FCPATH\index.php(55): CodeIgniter\CodeIgniter->run()
10 SYSTEMPATH\Commands\Server\rewrite.php(43): require_once('FCPATH\\index.php')
CRITICAL - 2022-08-23 21:47:32 --> Undefined array key 5
in APPPATH\Views\pages\show2.php on line 51.
 1 APPPATH\Views\pages\show2.php(51): CodeIgniter\Debug\Exceptions->errorHandler(2, 'Undefined array key 5', 'APPPATH\\Views\\pages\\show2.php', 51)
 2 SYSTEMPATH\View\View.php(213): include('APPPATH\\Views\\pages\\show2.php')
 3 SYSTEMPATH\View\View.php(216): CodeIgniter\View\View->CodeIgniter\View\{closure}()
 4 SYSTEMPATH\Common.php(1135): CodeIgniter\View\View->render('pages/show2', [], true)
 5 APPPATH\Controllers\Result.php(64): view('pages/show2', [...])
 6 SYSTEMPATH\CodeIgniter.php(896): App\Controllers\Result->show('305')
 7 SYSTEMPATH\CodeIgniter.php(466): CodeIgniter\CodeIgniter->runController(Object(App\Controllers\Result))
 8 SYSTEMPATH\CodeIgniter.php(349): CodeIgniter\CodeIgniter->handleRequest(null, Object(Config\Cache), false)
 9 FCPATH\index.php(55): CodeIgniter\CodeIgniter->run()
10 SYSTEMPATH\Commands\Server\rewrite.php(43): require_once('FCPATH\\index.php')
CRITICAL - 2022-08-23 21:47:49 --> Undefined array key 5
in APPPATH\Views\pages\show2.php on line 51.
 1 APPPATH\Views\pages\show2.php(51): CodeIgniter\Debug\Exceptions->errorHandler(2, 'Undefined array key 5', 'APPPATH\\Views\\pages\\show2.php', 51)
 2 SYSTEMPATH\View\View.php(213): include('APPPATH\\Views\\pages\\show2.php')
 3 SYSTEMPATH\View\View.php(216): CodeIgniter\View\View->CodeIgniter\View\{closure}()
 4 SYSTEMPATH\Common.php(1135): CodeIgniter\View\View->render('pages/show2', [], true)
 5 APPPATH\Controllers\Result.php(64): view('pages/show2', [...])
 6 SYSTEMPATH\CodeIgniter.php(896): App\Controllers\Result->show('305')
 7 SYSTEMPATH\CodeIgniter.php(466): CodeIgniter\CodeIgniter->runController(Object(App\Controllers\Result))
 8 SYSTEMPATH\CodeIgniter.php(349): CodeIgniter\CodeIgniter->handleRequest(null, Object(Config\Cache), false)
 9 FCPATH\index.php(55): CodeIgniter\CodeIgniter->run()
10 SYSTEMPATH\Commands\Server\rewrite.php(43): require_once('FCPATH\\index.php')
CRITICAL - 2022-08-23 22:24:44 --> Attempt to read property "name" on null
in APPPATH\Controllers\Randomforest.php on line 31.
 1 APPPATH\Controllers\Randomforest.php(31): CodeIgniter\Debug\Exceptions->errorHandler(2, 'Attempt to read property "name" on null', 'APPPATH\\Controllers\\Randomforest.php', 31)
 2 SYSTEMPATH\CodeIgniter.php(896): App\Controllers\Randomforest->create()
 3 SYSTEMPATH\CodeIgniter.php(466): CodeIgniter\CodeIgniter->runController(Object(App\Controllers\Randomforest))
 4 SYSTEMPATH\CodeIgniter.php(349): CodeIgniter\CodeIgniter->handleRequest(null, Object(Config\Cache), false)
 5 FCPATH\index.php(55): CodeIgniter\CodeIgniter->run()
 6 SYSTEMPATH\Commands\Server\rewrite.php(43): require_once('FCPATH\\index.php')
CRITICAL - 2022-08-23 22:30:51 --> Attempt to read property "name" on null
in APPPATH\Controllers\Randomforest.php on line 31.
 1 APPPATH\Controllers\Randomforest.php(31): CodeIgniter\Debug\Exceptions->errorHandler(2, 'Attempt to read property "name" on null', 'APPPATH\\Controllers\\Randomforest.php', 31)
 2 SYSTEMPATH\CodeIgniter.php(896): App\Controllers\Randomforest->create()
 3 SYSTEMPATH\CodeIgniter.php(466): CodeIgniter\CodeIgniter->runController(Object(App\Controllers\Randomforest))
 4 SYSTEMPATH\CodeIgniter.php(349): CodeIgniter\CodeIgniter->handleRequest(null, Object(Config\Cache), false)
 5 FCPATH\index.php(55): CodeIgniter\CodeIgniter->run()
 6 SYSTEMPATH\Commands\Server\rewrite.php(43): require_once('FCPATH\\index.php')
CRITICAL - 2022-08-23 22:39:34 --> Attempt to read property "name" on null
in APPPATH\Controllers\Randomforest.php on line 35.
 1 APPPATH\Controllers\Randomforest.php(35): CodeIgniter\Debug\Exceptions->errorHandler(2, 'Attempt to read property "name" on null', 'APPPATH\\Controllers\\Randomforest.php', 35)
 2 SYSTEMPATH\CodeIgniter.php(896): App\Controllers\Randomforest->create()
 3 SYSTEMPATH\CodeIgniter.php(466): CodeIgniter\CodeIgniter->runController(Object(App\Controllers\Randomforest))
 4 SYSTEMPATH\CodeIgniter.php(349): CodeIgniter\CodeIgniter->handleRequest(null, Object(Config\Cache), false)
 5 FCPATH\index.php(55): CodeIgniter\CodeIgniter->run()
 6 SYSTEMPATH\Commands\Server\rewrite.php(43): require_once('FCPATH\\index.php')
CRITICAL - 2022-08-23 22:40:05 --> File "machine/hasil/" does not exist.
in VENDORPATH\phpoffice\phpspreadsheet\src\PhpSpreadsheet\Shared\File.php on line 149.
 1 VENDORPATH\phpoffice\phpspreadsheet\src\PhpSpreadsheet\Reader\Xlsx.php(393): PhpOffice\PhpSpreadsheet\Shared\File::assertFile('FCPATH\\machine\\hasil', '_rels/.rels')
 2 VENDORPATH\phpoffice\phpspreadsheet\src\PhpSpreadsheet\Reader\BaseReader.php(166): PhpOffice\PhpSpreadsheet\Reader\Xlsx->loadSpreadsheetFromFile('FCPATH\\machine\\hasil')
 3 APPPATH\Controllers\Randomforest.php(88): PhpOffice\PhpSpreadsheet\Reader\BaseReader->load('FCPATH\\machine\\hasil')
 4 SYSTEMPATH\CodeIgniter.php(896): App\Controllers\Randomforest->result()
 5 SYSTEMPATH\CodeIgniter.php(466): CodeIgniter\CodeIgniter->runController(Object(App\Controllers\Randomforest))
 6 SYSTEMPATH\CodeIgniter.php(349): CodeIgniter\CodeIgniter->handleRequest(null, Object(Config\Cache), false)
 7 FCPATH\index.php(55): CodeIgniter\CodeIgniter->run()
 8 SYSTEMPATH\Commands\Server\rewrite.php(43): require_once('FCPATH\\index.php')
CRITICAL - 2022-08-23 22:41:17 --> File "machine/hasil/" does not exist.
in VENDORPATH\phpoffice\phpspreadsheet\src\PhpSpreadsheet\Shared\File.php on line 149.
 1 VENDORPATH\phpoffice\phpspreadsheet\src\PhpSpreadsheet\Reader\Xlsx.php(393): PhpOffice\PhpSpreadsheet\Shared\File::assertFile('FCPATH\\machine\\hasil', '_rels/.rels')
 2 VENDORPATH\phpoffice\phpspreadsheet\src\PhpSpreadsheet\Reader\BaseReader.php(166): PhpOffice\PhpSpreadsheet\Reader\Xlsx->loadSpreadsheetFromFile('FCPATH\\machine\\hasil')
 3 APPPATH\Controllers\Randomforest.php(88): PhpOffice\PhpSpreadsheet\Reader\BaseReader->load('FCPATH\\machine\\hasil')
 4 SYSTEMPATH\CodeIgniter.php(896): App\Controllers\Randomforest->result()
 5 SYSTEMPATH\CodeIgniter.php(466): CodeIgniter\CodeIgniter->runController(Object(App\Controllers\Randomforest))
 6 SYSTEMPATH\CodeIgniter.php(349): CodeIgniter\CodeIgniter->handleRequest(null, Object(Config\Cache), false)
 7 FCPATH\index.php(55): CodeIgniter\CodeIgniter->run()
 8 SYSTEMPATH\Commands\Server\rewrite.php(43): require_once('FCPATH\\index.php')
CRITICAL - 2022-08-23 22:43:41 --> File "machine/hasil/" does not exist.
in VENDORPATH\phpoffice\phpspreadsheet\src\PhpSpreadsheet\Shared\File.php on line 149.
 1 VENDORPATH\phpoffice\phpspreadsheet\src\PhpSpreadsheet\Reader\Xlsx.php(393): PhpOffice\PhpSpreadsheet\Shared\File::assertFile('FCPATH\\machine\\hasil', '_rels/.rels')
 2 VENDORPATH\phpoffice\phpspreadsheet\src\PhpSpreadsheet\Reader\BaseReader.php(166): PhpOffice\PhpSpreadsheet\Reader\Xlsx->loadSpreadsheetFromFile('FCPATH\\machine\\hasil')
 3 APPPATH\Controllers\Randomforest.php(76): PhpOffice\PhpSpreadsheet\Reader\BaseReader->load('FCPATH\\machine\\hasil')
 4 SYSTEMPATH\CodeIgniter.php(896): App\Controllers\Randomforest->result()
 5 SYSTEMPATH\CodeIgniter.php(466): CodeIgniter\CodeIgniter->runController(Object(App\Controllers\Randomforest))
 6 SYSTEMPATH\CodeIgniter.php(349): CodeIgniter\CodeIgniter->handleRequest(null, Object(Config\Cache), false)
 7 FCPATH\index.php(55): CodeIgniter\CodeIgniter->run()
 8 SYSTEMPATH\Commands\Server\rewrite.php(43): require_once('FCPATH\\index.php')
CRITICAL - 2022-08-23 22:45:24 --> File "machine/hasil/" does not exist.
in VENDORPATH\phpoffice\phpspreadsheet\src\PhpSpreadsheet\Shared\File.php on line 149.
 1 VENDORPATH\phpoffice\phpspreadsheet\src\PhpSpreadsheet\Reader\Xlsx.php(393): PhpOffice\PhpSpreadsheet\Shared\File::assertFile('FCPATH\\machine\\hasil', '_rels/.rels')
 2 VENDORPATH\phpoffice\phpspreadsheet\src\PhpSpreadsheet\Reader\BaseReader.php(166): PhpOffice\PhpSpreadsheet\Reader\Xlsx->loadSpreadsheetFromFile('FCPATH\\machine\\hasil')
 3 APPPATH\Controllers\Randomforest.php(77): PhpOffice\PhpSpreadsheet\Reader\BaseReader->load('FCPATH\\machine\\hasil')
 4 SYSTEMPATH\CodeIgniter.php(896): App\Controllers\Randomforest->result()
 5 SYSTEMPATH\CodeIgniter.php(466): CodeIgniter\CodeIgniter->runController(Object(App\Controllers\Randomforest))
 6 SYSTEMPATH\CodeIgniter.php(349): CodeIgniter\CodeIgniter->handleRequest(null, Object(Config\Cache), false)
 7 FCPATH\index.php(55): CodeIgniter\CodeIgniter->run()
 8 SYSTEMPATH\Commands\Server\rewrite.php(43): require_once('FCPATH\\index.php')
CRITICAL - 2022-08-23 22:47:26 --> File "machine/hasil/" does not exist.
in VENDORPATH\phpoffice\phpspreadsheet\src\PhpSpreadsheet\Shared\File.php on line 149.
 1 VENDORPATH\phpoffice\phpspreadsheet\src\PhpSpreadsheet\Reader\Xlsx.php(393): PhpOffice\PhpSpreadsheet\Shared\File::assertFile('FCPATH\\machine\\hasil', '_rels/.rels')
 2 VENDORPATH\phpoffice\phpspreadsheet\src\PhpSpreadsheet\Reader\BaseReader.php(166): PhpOffice\PhpSpreadsheet\Reader\Xlsx->loadSpreadsheetFromFile('FCPATH\\machine\\hasil')
 3 APPPATH\Controllers\Randomforest.php(77): PhpOffice\PhpSpreadsheet\Reader\BaseReader->load('FCPATH\\machine\\hasil')
 4 SYSTEMPATH\CodeIgniter.php(896): App\Controllers\Randomforest->result()
 5 SYSTEMPATH\CodeIgniter.php(466): CodeIgniter\CodeIgniter->runController(Object(App\Controllers\Randomforest))
 6 SYSTEMPATH\CodeIgniter.php(349): CodeIgniter\CodeIgniter->handleRequest(null, Object(Config\Cache), false)
 7 FCPATH\index.php(55): CodeIgniter\CodeIgniter->run()
 8 SYSTEMPATH\Commands\Server\rewrite.php(43): require_once('FCPATH\\index.php')
