CRITICAL - 2022-08-06 18:01:32 --> File "machine/dataset/hasil_ujicoba_2.xlsx" does not exist.
in VENDORPATH\phpoffice\phpspreadsheet\src\PhpSpreadsheet\Shared\File.php on line 149.
 1 VENDORPATH\phpoffice\phpspreadsheet\src\PhpSpreadsheet\Reader\Xlsx.php(393): PhpOffice\PhpSpreadsheet\Shared\File::assertFile('machine/dataset/hasil_ujicoba_2.xlsx', '_rels/.rels')
 2 VENDORPATH\phpoffice\phpspreadsheet\src\PhpSpreadsheet\Reader\BaseReader.php(166): PhpOffice\PhpSpreadsheet\Reader\Xlsx->loadSpreadsheetFromFile('machine/dataset/hasil_ujicoba_2.xlsx')
 3 APPPATH\Controllers\Result.php(44): PhpOffice\PhpSpreadsheet\Reader\BaseReader->load('machine/dataset/hasil_ujicoba_2.xlsx')
 4 SYSTEMPATH\CodeIgniter.php(896): App\Controllers\Result->show('212')
 5 SYSTEMPATH\CodeIgniter.php(466): CodeIgniter\CodeIgniter->runController(Object(App\Controllers\Result))
 6 SYSTEMPATH\CodeIgniter.php(349): CodeIgniter\CodeIgniter->handleRequest(null, Object(Config\Cache), false)
 7 FCPATH\index.php(55): CodeIgniter\CodeIgniter->run()
 8 SYSTEMPATH\Commands\Server\rewrite.php(43): require_once('FCPATH\\index.php')
CRITICAL - 2022-08-06 18:01:42 --> File "machine/dataset/hasil_ujicoba_2.xlsx" does not exist.
in VENDORPATH\phpoffice\phpspreadsheet\src\PhpSpreadsheet\Shared\File.php on line 149.
 1 VENDORPATH\phpoffice\phpspreadsheet\src\PhpSpreadsheet\Reader\Xlsx.php(393): PhpOffice\PhpSpreadsheet\Shared\File::assertFile('machine/dataset/hasil_ujicoba_2.xlsx', '_rels/.rels')
 2 VENDORPATH\phpoffice\phpspreadsheet\src\PhpSpreadsheet\Reader\BaseReader.php(166): PhpOffice\PhpSpreadsheet\Reader\Xlsx->loadSpreadsheetFromFile('machine/dataset/hasil_ujicoba_2.xlsx')
 3 APPPATH\Controllers\Result.php(44): PhpOffice\PhpSpreadsheet\Reader\BaseReader->load('machine/dataset/hasil_ujicoba_2.xlsx')
 4 SYSTEMPATH\CodeIgniter.php(896): App\Controllers\Result->show('212')
 5 SYSTEMPATH\CodeIgniter.php(466): CodeIgniter\CodeIgniter->runController(Object(App\Controllers\Result))
 6 SYSTEMPATH\CodeIgniter.php(349): CodeIgniter\CodeIgniter->handleRequest(null, Object(Config\Cache), false)
 7 FCPATH\index.php(55): CodeIgniter\CodeIgniter->run()
 8 SYSTEMPATH\Commands\Server\rewrite.php(43): require_once('FCPATH\\index.php')
CRITICAL - 2022-08-06 19:14:16 --> Attempt to read property "result" on null
in APPPATH\Controllers\Neighbors.php on line 59.
 1 APPPATH\Controllers\Neighbors.php(59): CodeIgniter\Debug\Exceptions->errorHandler(2, 'Attempt to read property "result" on null', 'APPPATH\\Controllers\\Neighbors.php', 59)
 2 SYSTEMPATH\CodeIgniter.php(896): App\Controllers\Neighbors->result()
 3 SYSTEMPATH\CodeIgniter.php(466): CodeIgniter\CodeIgniter->runController(Object(App\Controllers\Neighbors))
 4 SYSTEMPATH\CodeIgniter.php(349): CodeIgniter\CodeIgniter->handleRequest(null, Object(Config\Cache), false)
 5 FCPATH\index.php(55): CodeIgniter\CodeIgniter->run()
 6 SYSTEMPATH\Commands\Server\rewrite.php(43): require_once('FCPATH\\index.php')
CRITICAL - 2022-08-06 19:14:19 --> Attempt to read property "result" on null
in APPPATH\Controllers\Neighbors.php on line 59.
 1 APPPATH\Controllers\Neighbors.php(59): CodeIgniter\Debug\Exceptions->errorHandler(2, 'Attempt to read property "result" on null', 'APPPATH\\Controllers\\Neighbors.php', 59)
 2 SYSTEMPATH\CodeIgniter.php(896): App\Controllers\Neighbors->result()
 3 SYSTEMPATH\CodeIgniter.php(466): CodeIgniter\CodeIgniter->runController(Object(App\Controllers\Neighbors))
 4 SYSTEMPATH\CodeIgniter.php(349): CodeIgniter\CodeIgniter->handleRequest(null, Object(Config\Cache), false)
 5 FCPATH\index.php(55): CodeIgniter\CodeIgniter->run()
 6 SYSTEMPATH\Commands\Server\rewrite.php(43): require_once('FCPATH\\index.php')
CRITICAL - 2022-08-06 19:15:16 --> Attempt to read property "result" on null
in APPPATH\Controllers\Neighbors.php on line 59.
 1 APPPATH\Controllers\Neighbors.php(59): CodeIgniter\Debug\Exceptions->errorHandler(2, 'Attempt to read property "result" on null', 'APPPATH\\Controllers\\Neighbors.php', 59)
 2 SYSTEMPATH\CodeIgniter.php(896): App\Controllers\Neighbors->result()
 3 SYSTEMPATH\CodeIgniter.php(466): CodeIgniter\CodeIgniter->runController(Object(App\Controllers\Neighbors))
 4 SYSTEMPATH\CodeIgniter.php(349): CodeIgniter\CodeIgniter->handleRequest(null, Object(Config\Cache), false)
 5 FCPATH\index.php(55): CodeIgniter\CodeIgniter->run()
 6 SYSTEMPATH\Commands\Server\rewrite.php(43): require_once('FCPATH\\index.php')
CRITICAL - 2022-08-06 19:35:36 --> Call to undefined method App\Models\PredictsModel::getLastRow
in SYSTEMPATH\Model.php on line 773.
 1 APPPATH\Controllers\Neighbors.php(59): CodeIgniter\Model->__call('getLastRow', [])
 2 SYSTEMPATH\CodeIgniter.php(896): App\Controllers\Neighbors->result()
 3 SYSTEMPATH\CodeIgniter.php(466): CodeIgniter\CodeIgniter->runController(Object(App\Controllers\Neighbors))
 4 SYSTEMPATH\CodeIgniter.php(349): CodeIgniter\CodeIgniter->handleRequest(null, Object(Config\Cache), false)
 5 FCPATH\index.php(55): CodeIgniter\CodeIgniter->run()
 6 SYSTEMPATH\Commands\Server\rewrite.php(43): require_once('FCPATH\\index.php')
CRITICAL - 2022-08-06 19:37:10 --> Call to a member function get() on array
in APPPATH\Controllers\Neighbors.php on line 59.
 1 SYSTEMPATH\CodeIgniter.php(896): App\Controllers\Neighbors->result()
 2 SYSTEMPATH\CodeIgniter.php(466): CodeIgniter\CodeIgniter->runController(Object(App\Controllers\Neighbors))
 3 SYSTEMPATH\CodeIgniter.php(349): CodeIgniter\CodeIgniter->handleRequest(null, Object(Config\Cache), false)
 4 FCPATH\index.php(55): CodeIgniter\CodeIgniter->run()
 5 SYSTEMPATH\Commands\Server\rewrite.php(43): require_once('FCPATH\\index.php')
CRITICAL - 2022-08-06 19:37:17 --> Call to a member function getLastRow() on array
in APPPATH\Controllers\Neighbors.php on line 59.
 1 SYSTEMPATH\CodeIgniter.php(896): App\Controllers\Neighbors->result()
 2 SYSTEMPATH\CodeIgniter.php(466): CodeIgniter\CodeIgniter->runController(Object(App\Controllers\Neighbors))
 3 SYSTEMPATH\CodeIgniter.php(349): CodeIgniter\CodeIgniter->handleRequest(null, Object(Config\Cache), false)
 4 FCPATH\index.php(55): CodeIgniter\CodeIgniter->run()
 5 SYSTEMPATH\Commands\Server\rewrite.php(43): require_once('FCPATH\\index.php')
CRITICAL - 2022-08-06 19:38:02 --> Attempt to read property "getLastRow" on array
in APPPATH\Controllers\Neighbors.php on line 59.
 1 APPPATH\Controllers\Neighbors.php(59): CodeIgniter\Debug\Exceptions->errorHandler(2, 'Attempt to read property "getLastRow" on array', 'APPPATH\\Controllers\\Neighbors.php', 59)
 2 SYSTEMPATH\CodeIgniter.php(896): App\Controllers\Neighbors->result()
 3 SYSTEMPATH\CodeIgniter.php(466): CodeIgniter\CodeIgniter->runController(Object(App\Controllers\Neighbors))
 4 SYSTEMPATH\CodeIgniter.php(349): CodeIgniter\CodeIgniter->handleRequest(null, Object(Config\Cache), false)
 5 FCPATH\index.php(55): CodeIgniter\CodeIgniter->run()
 6 SYSTEMPATH\Commands\Server\rewrite.php(43): require_once('FCPATH\\index.php')
CRITICAL - 2022-08-06 19:38:09 --> Call to a member function getLastRow() on array
in APPPATH\Controllers\Neighbors.php on line 59.
 1 SYSTEMPATH\CodeIgniter.php(896): App\Controllers\Neighbors->result()
 2 SYSTEMPATH\CodeIgniter.php(466): CodeIgniter\CodeIgniter->runController(Object(App\Controllers\Neighbors))
 3 SYSTEMPATH\CodeIgniter.php(349): CodeIgniter\CodeIgniter->handleRequest(null, Object(Config\Cache), false)
 4 FCPATH\index.php(55): CodeIgniter\CodeIgniter->run()
 5 SYSTEMPATH\Commands\Server\rewrite.php(43): require_once('FCPATH\\index.php')
CRITICAL - 2022-08-06 19:40:02 --> Object of class stdClass could not be converted to string
in APPPATH\Controllers\Neighbors.php on line 60.
 1 SYSTEMPATH\CodeIgniter.php(896): App\Controllers\Neighbors->result()
 2 SYSTEMPATH\CodeIgniter.php(466): CodeIgniter\CodeIgniter->runController(Object(App\Controllers\Neighbors))
 3 SYSTEMPATH\CodeIgniter.php(349): CodeIgniter\CodeIgniter->handleRequest(null, Object(Config\Cache), false)
 4 FCPATH\index.php(55): CodeIgniter\CodeIgniter->run()
 5 SYSTEMPATH\Commands\Server\rewrite.php(43): require_once('FCPATH\\index.php')
CRITICAL - 2022-08-06 21:04:14 --> Call to a member function where() on array
in APPPATH\Controllers\Neighbors.php on line 59.
 1 SYSTEMPATH\CodeIgniter.php(896): App\Controllers\Neighbors->result()
 2 SYSTEMPATH\CodeIgniter.php(466): CodeIgniter\CodeIgniter->runController(Object(App\Controllers\Neighbors))
 3 SYSTEMPATH\CodeIgniter.php(349): CodeIgniter\CodeIgniter->handleRequest(null, Object(Config\Cache), false)
 4 FCPATH\index.php(55): CodeIgniter\CodeIgniter->run()
 5 SYSTEMPATH\Commands\Server\rewrite.php(43): require_once('FCPATH\\index.php')
CRITICAL - 2022-08-06 21:04:40 --> Call to a member function get() on array
in APPPATH\Controllers\Neighbors.php on line 59.
 1 SYSTEMPATH\CodeIgniter.php(896): App\Controllers\Neighbors->result()
 2 SYSTEMPATH\CodeIgniter.php(466): CodeIgniter\CodeIgniter->runController(Object(App\Controllers\Neighbors))
 3 SYSTEMPATH\CodeIgniter.php(349): CodeIgniter\CodeIgniter->handleRequest(null, Object(Config\Cache), false)
 4 FCPATH\index.php(55): CodeIgniter\CodeIgniter->run()
 5 SYSTEMPATH\Commands\Server\rewrite.php(43): require_once('FCPATH\\index.php')
CRITICAL - 2022-08-06 21:04:41 --> Call to a member function get() on array
in APPPATH\Controllers\Neighbors.php on line 59.
 1 SYSTEMPATH\CodeIgniter.php(896): App\Controllers\Neighbors->result()
 2 SYSTEMPATH\CodeIgniter.php(466): CodeIgniter\CodeIgniter->runController(Object(App\Controllers\Neighbors))
 3 SYSTEMPATH\CodeIgniter.php(349): CodeIgniter\CodeIgniter->handleRequest(null, Object(Config\Cache), false)
 4 FCPATH\index.php(55): CodeIgniter\CodeIgniter->run()
 5 SYSTEMPATH\Commands\Server\rewrite.php(43): require_once('FCPATH\\index.php')
CRITICAL - 2022-08-06 21:04:42 --> Call to a member function get() on array
in APPPATH\Controllers\Neighbors.php on line 59.
 1 SYSTEMPATH\CodeIgniter.php(896): App\Controllers\Neighbors->result()
 2 SYSTEMPATH\CodeIgniter.php(466): CodeIgniter\CodeIgniter->runController(Object(App\Controllers\Neighbors))
 3 SYSTEMPATH\CodeIgniter.php(349): CodeIgniter\CodeIgniter->handleRequest(null, Object(Config\Cache), false)
 4 FCPATH\index.php(55): CodeIgniter\CodeIgniter->run()
 5 SYSTEMPATH\Commands\Server\rewrite.php(43): require_once('FCPATH\\index.php')
CRITICAL - 2022-08-06 21:04:42 --> Call to a member function get() on array
in APPPATH\Controllers\Neighbors.php on line 59.
 1 SYSTEMPATH\CodeIgniter.php(896): App\Controllers\Neighbors->result()
 2 SYSTEMPATH\CodeIgniter.php(466): CodeIgniter\CodeIgniter->runController(Object(App\Controllers\Neighbors))
 3 SYSTEMPATH\CodeIgniter.php(349): CodeIgniter\CodeIgniter->handleRequest(null, Object(Config\Cache), false)
 4 FCPATH\index.php(55): CodeIgniter\CodeIgniter->run()
 5 SYSTEMPATH\Commands\Server\rewrite.php(43): require_once('FCPATH\\index.php')
CRITICAL - 2022-08-06 21:04:43 --> Call to a member function get() on array
in APPPATH\Controllers\Neighbors.php on line 59.
 1 SYSTEMPATH\CodeIgniter.php(896): App\Controllers\Neighbors->result()
 2 SYSTEMPATH\CodeIgniter.php(466): CodeIgniter\CodeIgniter->runController(Object(App\Controllers\Neighbors))
 3 SYSTEMPATH\CodeIgniter.php(349): CodeIgniter\CodeIgniter->handleRequest(null, Object(Config\Cache), false)
 4 FCPATH\index.php(55): CodeIgniter\CodeIgniter->run()
 5 SYSTEMPATH\Commands\Server\rewrite.php(43): require_once('FCPATH\\index.php')
CRITICAL - 2022-08-06 21:04:44 --> Call to a member function get() on array
in APPPATH\Controllers\Neighbors.php on line 59.
 1 SYSTEMPATH\CodeIgniter.php(896): App\Controllers\Neighbors->result()
 2 SYSTEMPATH\CodeIgniter.php(466): CodeIgniter\CodeIgniter->runController(Object(App\Controllers\Neighbors))
 3 SYSTEMPATH\CodeIgniter.php(349): CodeIgniter\CodeIgniter->handleRequest(null, Object(Config\Cache), false)
 4 FCPATH\index.php(55): CodeIgniter\CodeIgniter->run()
 5 SYSTEMPATH\Commands\Server\rewrite.php(43): require_once('FCPATH\\index.php')
CRITICAL - 2022-08-06 21:04:50 --> Call to a member function getLastRow() on array
in APPPATH\Controllers\Neighbors.php on line 59.
 1 SYSTEMPATH\CodeIgniter.php(896): App\Controllers\Neighbors->result()
 2 SYSTEMPATH\CodeIgniter.php(466): CodeIgniter\CodeIgniter->runController(Object(App\Controllers\Neighbors))
 3 SYSTEMPATH\CodeIgniter.php(349): CodeIgniter\CodeIgniter->handleRequest(null, Object(Config\Cache), false)
 4 FCPATH\index.php(55): CodeIgniter\CodeIgniter->run()
 5 SYSTEMPATH\Commands\Server\rewrite.php(43): require_once('FCPATH\\index.php')
CRITICAL - 2022-08-06 21:04:51 --> Call to a member function getLastRow() on array
in APPPATH\Controllers\Neighbors.php on line 59.
 1 SYSTEMPATH\CodeIgniter.php(896): App\Controllers\Neighbors->result()
 2 SYSTEMPATH\CodeIgniter.php(466): CodeIgniter\CodeIgniter->runController(Object(App\Controllers\Neighbors))
 3 SYSTEMPATH\CodeIgniter.php(349): CodeIgniter\CodeIgniter->handleRequest(null, Object(Config\Cache), false)
 4 FCPATH\index.php(55): CodeIgniter\CodeIgniter->run()
 5 SYSTEMPATH\Commands\Server\rewrite.php(43): require_once('FCPATH\\index.php')
CRITICAL - 2022-08-06 22:45:58 --> Cannot redeclare model() (previously declared in C:\xampp\htdocs\proyekakhir\vendor\codeigniter4\framework\system\Common.php:809)
in APPPATH\Helpers\my_helper.php on line 28.
 1 [internal function]: CodeIgniter\Debug\Exceptions->shutdownHandler()
CRITICAL - 2022-08-06 22:46:44 --> Cannot redeclare model() (previously declared in C:\xampp\htdocs\proyekakhir\vendor\codeigniter4\framework\system\Common.php:809)
in APPPATH\Helpers\my_helper.php on line 28.
 1 [internal function]: CodeIgniter\Debug\Exceptions->shutdownHandler()
CRITICAL - 2022-08-06 22:46:45 --> Cannot redeclare model() (previously declared in C:\xampp\htdocs\proyekakhir\vendor\codeigniter4\framework\system\Common.php:809)
in APPPATH\Helpers\my_helper.php on line 28.
 1 [internal function]: CodeIgniter\Debug\Exceptions->shutdownHandler()
CRITICAL - 2022-08-06 22:46:46 --> Cannot redeclare model() (previously declared in C:\xampp\htdocs\proyekakhir\vendor\codeigniter4\framework\system\Common.php:809)
in APPPATH\Helpers\my_helper.php on line 28.
 1 [internal function]: CodeIgniter\Debug\Exceptions->shutdownHandler()
CRITICAL - 2022-08-06 22:46:58 --> Attempt to read property "name" on null
in APPPATH\Views\pages\result.php on line 22.
 1 APPPATH\Views\pages\result.php(22): CodeIgniter\Debug\Exceptions->errorHandler(2, 'Attempt to read property "name" on null', 'APPPATH\\Views\\pages\\result.php', 22)
 2 SYSTEMPATH\View\View.php(213): include('APPPATH\\Views\\pages\\result.php')
 3 SYSTEMPATH\View\View.php(216): CodeIgniter\View\View->CodeIgniter\View\{closure}()
 4 SYSTEMPATH\Common.php(1135): CodeIgniter\View\View->render('pages/result', [], true)
 5 APPPATH\Controllers\Randomforest.php(70): view('pages/result', [...])
 6 SYSTEMPATH\CodeIgniter.php(896): App\Controllers\Randomforest->result()
 7 SYSTEMPATH\CodeIgniter.php(466): CodeIgniter\CodeIgniter->runController(Object(App\Controllers\Randomforest))
 8 SYSTEMPATH\CodeIgniter.php(349): CodeIgniter\CodeIgniter->handleRequest(null, Object(Config\Cache), false)
 9 FCPATH\index.php(55): CodeIgniter\CodeIgniter->run()
10 SYSTEMPATH\Commands\Server\rewrite.php(43): require_once('FCPATH\\index.php')
CRITICAL - 2022-08-06 22:47:08 --> Attempt to read property "name" on null
in APPPATH\Views\pages\result.php on line 22.
 1 APPPATH\Views\pages\result.php(22): CodeIgniter\Debug\Exceptions->errorHandler(2, 'Attempt to read property "name" on null', 'APPPATH\\Views\\pages\\result.php', 22)
 2 SYSTEMPATH\View\View.php(213): include('APPPATH\\Views\\pages\\result.php')
 3 SYSTEMPATH\View\View.php(216): CodeIgniter\View\View->CodeIgniter\View\{closure}()
 4 SYSTEMPATH\Common.php(1135): CodeIgniter\View\View->render('pages/result', [], true)
 5 APPPATH\Controllers\Randomforest.php(70): view('pages/result', [...])
 6 SYSTEMPATH\CodeIgniter.php(896): App\Controllers\Randomforest->result()
 7 SYSTEMPATH\CodeIgniter.php(466): CodeIgniter\CodeIgniter->runController(Object(App\Controllers\Randomforest))
 8 SYSTEMPATH\CodeIgniter.php(349): CodeIgniter\CodeIgniter->handleRequest(null, Object(Config\Cache), false)
 9 FCPATH\index.php(55): CodeIgniter\CodeIgniter->run()
10 SYSTEMPATH\Commands\Server\rewrite.php(43): require_once('FCPATH\\index.php')
