ERROR - 2022-08-12 14:02:18 --> Error connecting to the database: No connection could be made because the target machine actively refused it
CRITICAL - 2022-08-12 14:02:18 --> Unable to connect to the database.
Main connection [MySQLi]: No connection could be made because the target machine actively refused it
in SYSTEMPATH\Database\BaseConnection.php on line 416.
 1 SYSTEMPATH\Database\BaseConnection.php(586): CodeIgniter\Database\BaseConnection->initialize()
 2 SYSTEMPATH\Database\BaseBuilder.php(1718): CodeIgniter\Database\BaseConnection->query('SELECT *
FROM `users`
WHERE `username` = :username:', [...], false)
 3 APPPATH\Controllers\Auth.php(25): CodeIgniter\Database\BaseBuilder->getWhere([...])
 4 SYSTEMPATH\CodeIgniter.php(896): App\Controllers\Auth->loginProcess()
 5 SYSTEMPATH\CodeIgniter.php(466): CodeIgniter\CodeIgniter->runController(Object(App\Controllers\Auth))
 6 SYSTEMPATH\CodeIgniter.php(349): CodeIgniter\CodeIgniter->handleRequest(null, Object(Config\Cache), false)
 7 FCPATH\index.php(55): CodeIgniter\CodeIgniter->run()
 8 SYSTEMPATH\Commands\Server\rewrite.php(43): require_once('FCPATH\\index.php')
CRITICAL - 2022-08-12 14:08:27 --> Undefined variable $algo
in APPPATH\Views\pages\show.php on line 21.
 1 APPPATH\Views\pages\show.php(21): CodeIgniter\Debug\Exceptions->errorHandler(2, 'Undefined variable $algo', 'APPPATH\\Views\\pages\\show.php', 21)
 2 SYSTEMPATH\View\View.php(213): include('APPPATH\\Views\\pages\\show.php')
 3 SYSTEMPATH\View\View.php(216): CodeIgniter\View\View->CodeIgniter\View\{closure}()
 4 SYSTEMPATH\Common.php(1135): CodeIgniter\View\View->render('pages/show', [], true)
 5 APPPATH\Controllers\Result.php(52): view('pages/show', [...])
 6 SYSTEMPATH\CodeIgniter.php(896): App\Controllers\Result->show('233')
 7 SYSTEMPATH\CodeIgniter.php(466): CodeIgniter\CodeIgniter->runController(Object(App\Controllers\Result))
 8 SYSTEMPATH\CodeIgniter.php(349): CodeIgniter\CodeIgniter->handleRequest(null, Object(Config\Cache), false)
 9 FCPATH\index.php(55): CodeIgniter\CodeIgniter->run()
10 SYSTEMPATH\Commands\Server\rewrite.php(43): require_once('FCPATH\\index.php')
CRITICAL - 2022-08-12 14:20:56 --> Attempt to read property "algoritma" on array
in APPPATH\Views\pages\show.php on line 21.
 1 APPPATH\Views\pages\show.php(21): CodeIgniter\Debug\Exceptions->errorHandler(2, 'Attempt to read property "algoritma" on array', 'APPPATH\\Views\\pages\\show.php', 21)
 2 SYSTEMPATH\View\View.php(213): include('APPPATH\\Views\\pages\\show.php')
 3 SYSTEMPATH\View\View.php(216): CodeIgniter\View\View->CodeIgniter\View\{closure}()
 4 SYSTEMPATH\Common.php(1135): CodeIgniter\View\View->render('pages/show', [], true)
 5 APPPATH\Controllers\Result.php(53): view('pages/show', [...])
 6 SYSTEMPATH\CodeIgniter.php(896): App\Controllers\Result->show('233')
 7 SYSTEMPATH\CodeIgniter.php(466): CodeIgniter\CodeIgniter->runController(Object(App\Controllers\Result))
 8 SYSTEMPATH\CodeIgniter.php(349): CodeIgniter\CodeIgniter->handleRequest(null, Object(Config\Cache), false)
 9 FCPATH\index.php(55): CodeIgniter\CodeIgniter->run()
10 SYSTEMPATH\Commands\Server\rewrite.php(43): require_once('FCPATH\\index.php')
CRITICAL - 2022-08-12 14:22:03 --> Attempt to read property "algoritma" on array
in APPPATH\Views\pages\show.php on line 21.
 1 APPPATH\Views\pages\show.php(21): CodeIgniter\Debug\Exceptions->errorHandler(2, 'Attempt to read property "algoritma" on array', 'APPPATH\\Views\\pages\\show.php', 21)
 2 SYSTEMPATH\View\View.php(213): include('APPPATH\\Views\\pages\\show.php')
 3 SYSTEMPATH\View\View.php(216): CodeIgniter\View\View->CodeIgniter\View\{closure}()
 4 SYSTEMPATH\Common.php(1135): CodeIgniter\View\View->render('pages/show', [], true)
 5 APPPATH\Controllers\Result.php(53): view('pages/show', [...])
 6 SYSTEMPATH\CodeIgniter.php(896): App\Controllers\Result->show('233')
 7 SYSTEMPATH\CodeIgniter.php(466): CodeIgniter\CodeIgniter->runController(Object(App\Controllers\Result))
 8 SYSTEMPATH\CodeIgniter.php(349): CodeIgniter\CodeIgniter->handleRequest(null, Object(Config\Cache), false)
 9 FCPATH\index.php(55): CodeIgniter\CodeIgniter->run()
10 SYSTEMPATH\Commands\Server\rewrite.php(43): require_once('FCPATH\\index.php')
CRITICAL - 2022-08-12 14:22:03 --> Attempt to read property "algoritma" on array
in APPPATH\Views\pages\show.php on line 21.
 1 APPPATH\Views\pages\show.php(21): CodeIgniter\Debug\Exceptions->errorHandler(2, 'Attempt to read property "algoritma" on array', 'APPPATH\\Views\\pages\\show.php', 21)
 2 SYSTEMPATH\View\View.php(213): include('APPPATH\\Views\\pages\\show.php')
 3 SYSTEMPATH\View\View.php(216): CodeIgniter\View\View->CodeIgniter\View\{closure}()
 4 SYSTEMPATH\Common.php(1135): CodeIgniter\View\View->render('pages/show', [], true)
 5 APPPATH\Controllers\Result.php(53): view('pages/show', [...])
 6 SYSTEMPATH\CodeIgniter.php(896): App\Controllers\Result->show('233')
 7 SYSTEMPATH\CodeIgniter.php(466): CodeIgniter\CodeIgniter->runController(Object(App\Controllers\Result))
 8 SYSTEMPATH\CodeIgniter.php(349): CodeIgniter\CodeIgniter->handleRequest(null, Object(Config\Cache), false)
 9 FCPATH\index.php(55): CodeIgniter\CodeIgniter->run()
10 SYSTEMPATH\Commands\Server\rewrite.php(43): require_once('FCPATH\\index.php')
CRITICAL - 2022-08-12 14:22:25 --> Attempt to read property "algoritma" on array
in APPPATH\Views\pages\show.php on line 21.
 1 APPPATH\Views\pages\show.php(21): CodeIgniter\Debug\Exceptions->errorHandler(2, 'Attempt to read property "algoritma" on array', 'APPPATH\\Views\\pages\\show.php', 21)
 2 SYSTEMPATH\View\View.php(213): include('APPPATH\\Views\\pages\\show.php')
 3 SYSTEMPATH\View\View.php(216): CodeIgniter\View\View->CodeIgniter\View\{closure}()
 4 SYSTEMPATH\Common.php(1135): CodeIgniter\View\View->render('pages/show', [], true)
 5 APPPATH\Controllers\Result.php(53): view('pages/show', [...])
 6 SYSTEMPATH\CodeIgniter.php(896): App\Controllers\Result->show('233')
 7 SYSTEMPATH\CodeIgniter.php(466): CodeIgniter\CodeIgniter->runController(Object(App\Controllers\Result))
 8 SYSTEMPATH\CodeIgniter.php(349): CodeIgniter\CodeIgniter->handleRequest(null, Object(Config\Cache), false)
 9 FCPATH\index.php(55): CodeIgniter\CodeIgniter->run()
10 SYSTEMPATH\Commands\Server\rewrite.php(43): require_once('FCPATH\\index.php')
CRITICAL - 2022-08-12 14:22:26 --> Attempt to read property "algoritma" on array
in APPPATH\Views\pages\show.php on line 21.
 1 APPPATH\Views\pages\show.php(21): CodeIgniter\Debug\Exceptions->errorHandler(2, 'Attempt to read property "algoritma" on array', 'APPPATH\\Views\\pages\\show.php', 21)
 2 SYSTEMPATH\View\View.php(213): include('APPPATH\\Views\\pages\\show.php')
 3 SYSTEMPATH\View\View.php(216): CodeIgniter\View\View->CodeIgniter\View\{closure}()
 4 SYSTEMPATH\Common.php(1135): CodeIgniter\View\View->render('pages/show', [], true)
 5 APPPATH\Controllers\Result.php(53): view('pages/show', [...])
 6 SYSTEMPATH\CodeIgniter.php(896): App\Controllers\Result->show('233')
 7 SYSTEMPATH\CodeIgniter.php(466): CodeIgniter\CodeIgniter->runController(Object(App\Controllers\Result))
 8 SYSTEMPATH\CodeIgniter.php(349): CodeIgniter\CodeIgniter->handleRequest(null, Object(Config\Cache), false)
 9 FCPATH\index.php(55): CodeIgniter\CodeIgniter->run()
10 SYSTEMPATH\Commands\Server\rewrite.php(43): require_once('FCPATH\\index.php')
CRITICAL - 2022-08-12 14:22:30 --> Attempt to read property "algoritma" on array
in APPPATH\Views\pages\show.php on line 21.
 1 APPPATH\Views\pages\show.php(21): CodeIgniter\Debug\Exceptions->errorHandler(2, 'Attempt to read property "algoritma" on array', 'APPPATH\\Views\\pages\\show.php', 21)
 2 SYSTEMPATH\View\View.php(213): include('APPPATH\\Views\\pages\\show.php')
 3 SYSTEMPATH\View\View.php(216): CodeIgniter\View\View->CodeIgniter\View\{closure}()
 4 SYSTEMPATH\Common.php(1135): CodeIgniter\View\View->render('pages/show', [], true)
 5 APPPATH\Controllers\Result.php(53): view('pages/show', [...])
 6 SYSTEMPATH\CodeIgniter.php(896): App\Controllers\Result->show('233')
 7 SYSTEMPATH\CodeIgniter.php(466): CodeIgniter\CodeIgniter->runController(Object(App\Controllers\Result))
 8 SYSTEMPATH\CodeIgniter.php(349): CodeIgniter\CodeIgniter->handleRequest(null, Object(Config\Cache), false)
 9 FCPATH\index.php(55): CodeIgniter\CodeIgniter->run()
10 SYSTEMPATH\Commands\Server\rewrite.php(43): require_once('FCPATH\\index.php')
CRITICAL - 2022-08-12 14:22:31 --> Attempt to read property "algoritma" on array
in APPPATH\Views\pages\show.php on line 21.
 1 APPPATH\Views\pages\show.php(21): CodeIgniter\Debug\Exceptions->errorHandler(2, 'Attempt to read property "algoritma" on array', 'APPPATH\\Views\\pages\\show.php', 21)
 2 SYSTEMPATH\View\View.php(213): include('APPPATH\\Views\\pages\\show.php')
 3 SYSTEMPATH\View\View.php(216): CodeIgniter\View\View->CodeIgniter\View\{closure}()
 4 SYSTEMPATH\Common.php(1135): CodeIgniter\View\View->render('pages/show', [], true)
 5 APPPATH\Controllers\Result.php(53): view('pages/show', [...])
 6 SYSTEMPATH\CodeIgniter.php(896): App\Controllers\Result->show('233')
 7 SYSTEMPATH\CodeIgniter.php(466): CodeIgniter\CodeIgniter->runController(Object(App\Controllers\Result))
 8 SYSTEMPATH\CodeIgniter.php(349): CodeIgniter\CodeIgniter->handleRequest(null, Object(Config\Cache), false)
 9 FCPATH\index.php(55): CodeIgniter\CodeIgniter->run()
10 SYSTEMPATH\Commands\Server\rewrite.php(43): require_once('FCPATH\\index.php')
CRITICAL - 2022-08-12 14:25:15 --> Attempt to read property "algoritma" on array
in APPPATH\Views\pages\show.php on line 21.
 1 APPPATH\Views\pages\show.php(21): CodeIgniter\Debug\Exceptions->errorHandler(2, 'Attempt to read property "algoritma" on array', 'APPPATH\\Views\\pages\\show.php', 21)
 2 SYSTEMPATH\View\View.php(213): include('APPPATH\\Views\\pages\\show.php')
 3 SYSTEMPATH\View\View.php(216): CodeIgniter\View\View->CodeIgniter\View\{closure}()
 4 SYSTEMPATH\Common.php(1135): CodeIgniter\View\View->render('pages/show', [], true)
 5 APPPATH\Controllers\Result.php(53): view('pages/show', [...])
 6 SYSTEMPATH\CodeIgniter.php(896): App\Controllers\Result->show('233')
 7 SYSTEMPATH\CodeIgniter.php(466): CodeIgniter\CodeIgniter->runController(Object(App\Controllers\Result))
 8 SYSTEMPATH\CodeIgniter.php(349): CodeIgniter\CodeIgniter->handleRequest(null, Object(Config\Cache), false)
 9 FCPATH\index.php(55): CodeIgniter\CodeIgniter->run()
10 SYSTEMPATH\Commands\Server\rewrite.php(43): require_once('FCPATH\\index.php')
CRITICAL - 2022-08-12 14:25:15 --> Attempt to read property "algoritma" on array
in APPPATH\Views\pages\show.php on line 21.
 1 APPPATH\Views\pages\show.php(21): CodeIgniter\Debug\Exceptions->errorHandler(2, 'Attempt to read property "algoritma" on array', 'APPPATH\\Views\\pages\\show.php', 21)
 2 SYSTEMPATH\View\View.php(213): include('APPPATH\\Views\\pages\\show.php')
 3 SYSTEMPATH\View\View.php(216): CodeIgniter\View\View->CodeIgniter\View\{closure}()
 4 SYSTEMPATH\Common.php(1135): CodeIgniter\View\View->render('pages/show', [], true)
 5 APPPATH\Controllers\Result.php(53): view('pages/show', [...])
 6 SYSTEMPATH\CodeIgniter.php(896): App\Controllers\Result->show('233')
 7 SYSTEMPATH\CodeIgniter.php(466): CodeIgniter\CodeIgniter->runController(Object(App\Controllers\Result))
 8 SYSTEMPATH\CodeIgniter.php(349): CodeIgniter\CodeIgniter->handleRequest(null, Object(Config\Cache), false)
 9 FCPATH\index.php(55): CodeIgniter\CodeIgniter->run()
10 SYSTEMPATH\Commands\Server\rewrite.php(43): require_once('FCPATH\\index.php')
CRITICAL - 2022-08-12 14:25:19 --> Attempt to read property "algoritma" on array
in APPPATH\Views\pages\show.php on line 21.
 1 APPPATH\Views\pages\show.php(21): CodeIgniter\Debug\Exceptions->errorHandler(2, 'Attempt to read property "algoritma" on array', 'APPPATH\\Views\\pages\\show.php', 21)
 2 SYSTEMPATH\View\View.php(213): include('APPPATH\\Views\\pages\\show.php')
 3 SYSTEMPATH\View\View.php(216): CodeIgniter\View\View->CodeIgniter\View\{closure}()
 4 SYSTEMPATH\Common.php(1135): CodeIgniter\View\View->render('pages/show', [], true)
 5 APPPATH\Controllers\Result.php(53): view('pages/show', [...])
 6 SYSTEMPATH\CodeIgniter.php(896): App\Controllers\Result->show('234')
 7 SYSTEMPATH\CodeIgniter.php(466): CodeIgniter\CodeIgniter->runController(Object(App\Controllers\Result))
 8 SYSTEMPATH\CodeIgniter.php(349): CodeIgniter\CodeIgniter->handleRequest(null, Object(Config\Cache), false)
 9 FCPATH\index.php(55): CodeIgniter\CodeIgniter->run()
10 SYSTEMPATH\Commands\Server\rewrite.php(43): require_once('FCPATH\\index.php')
CRITICAL - 2022-08-12 14:26:03 --> Unsupported operand types: string + int
in APPPATH\Views\pages\show.php on line 35.
 1 SYSTEMPATH\View\View.php(213): include()
 2 SYSTEMPATH\View\View.php(216): CodeIgniter\View\View->CodeIgniter\View\{closure}()
 3 SYSTEMPATH\Common.php(1135): CodeIgniter\View\View->render('pages/show', [], true)
 4 APPPATH\Controllers\Result.php(53): view('pages/show', [...])
 5 SYSTEMPATH\CodeIgniter.php(896): App\Controllers\Result->show('234')
 6 SYSTEMPATH\CodeIgniter.php(466): CodeIgniter\CodeIgniter->runController(Object(App\Controllers\Result))
 7 SYSTEMPATH\CodeIgniter.php(349): CodeIgniter\CodeIgniter->handleRequest(null, Object(Config\Cache), false)
 8 FCPATH\index.php(55): CodeIgniter\CodeIgniter->run()
 9 SYSTEMPATH\Commands\Server\rewrite.php(43): require_once('FCPATH\\index.php')
CRITICAL - 2022-08-12 14:26:04 --> Unsupported operand types: string + int
in APPPATH\Views\pages\show.php on line 35.
 1 SYSTEMPATH\View\View.php(213): include()
 2 SYSTEMPATH\View\View.php(216): CodeIgniter\View\View->CodeIgniter\View\{closure}()
 3 SYSTEMPATH\Common.php(1135): CodeIgniter\View\View->render('pages/show', [], true)
 4 APPPATH\Controllers\Result.php(53): view('pages/show', [...])
 5 SYSTEMPATH\CodeIgniter.php(896): App\Controllers\Result->show('234')
 6 SYSTEMPATH\CodeIgniter.php(466): CodeIgniter\CodeIgniter->runController(Object(App\Controllers\Result))
 7 SYSTEMPATH\CodeIgniter.php(349): CodeIgniter\CodeIgniter->handleRequest(null, Object(Config\Cache), false)
 8 FCPATH\index.php(55): CodeIgniter\CodeIgniter->run()
 9 SYSTEMPATH\Commands\Server\rewrite.php(43): require_once('FCPATH\\index.php')
CRITICAL - 2022-08-12 14:27:00 --> syntax error, unexpected token "+", expecting "->" or "?->" or "{" or "["
in APPPATH\Views\pages\show.php on line 34.
 1 SYSTEMPATH\View\View.php(216): CodeIgniter\View\View->CodeIgniter\View\{closure}()
 2 SYSTEMPATH\Common.php(1135): CodeIgniter\View\View->render('pages/show', [], true)
 3 APPPATH\Controllers\Result.php(53): view('pages/show', [...])
 4 SYSTEMPATH\CodeIgniter.php(896): App\Controllers\Result->show('234')
 5 SYSTEMPATH\CodeIgniter.php(466): CodeIgniter\CodeIgniter->runController(Object(App\Controllers\Result))
 6 SYSTEMPATH\CodeIgniter.php(349): CodeIgniter\CodeIgniter->handleRequest(null, Object(Config\Cache), false)
 7 FCPATH\index.php(55): CodeIgniter\CodeIgniter->run()
 8 SYSTEMPATH\Commands\Server\rewrite.php(43): require_once('FCPATH\\index.php')
CRITICAL - 2022-08-12 14:27:18 --> Unsupported operand types: array + int
in APPPATH\Views\pages\show.php on line 35.
 1 SYSTEMPATH\View\View.php(213): include()
 2 SYSTEMPATH\View\View.php(216): CodeIgniter\View\View->CodeIgniter\View\{closure}()
 3 SYSTEMPATH\Common.php(1135): CodeIgniter\View\View->render('pages/show', [], true)
 4 APPPATH\Controllers\Result.php(53): view('pages/show', [...])
 5 SYSTEMPATH\CodeIgniter.php(896): App\Controllers\Result->show('234')
 6 SYSTEMPATH\CodeIgniter.php(466): CodeIgniter\CodeIgniter->runController(Object(App\Controllers\Result))
 7 SYSTEMPATH\CodeIgniter.php(349): CodeIgniter\CodeIgniter->handleRequest(null, Object(Config\Cache), false)
 8 FCPATH\index.php(55): CodeIgniter\CodeIgniter->run()
 9 SYSTEMPATH\Commands\Server\rewrite.php(43): require_once('FCPATH\\index.php')
CRITICAL - 2022-08-12 14:27:19 --> Unsupported operand types: array + int
in APPPATH\Views\pages\show.php on line 35.
 1 SYSTEMPATH\View\View.php(213): include()
 2 SYSTEMPATH\View\View.php(216): CodeIgniter\View\View->CodeIgniter\View\{closure}()
 3 SYSTEMPATH\Common.php(1135): CodeIgniter\View\View->render('pages/show', [], true)
 4 APPPATH\Controllers\Result.php(53): view('pages/show', [...])
 5 SYSTEMPATH\CodeIgniter.php(896): App\Controllers\Result->show('234')
 6 SYSTEMPATH\CodeIgniter.php(466): CodeIgniter\CodeIgniter->runController(Object(App\Controllers\Result))
 7 SYSTEMPATH\CodeIgniter.php(349): CodeIgniter\CodeIgniter->handleRequest(null, Object(Config\Cache), false)
 8 FCPATH\index.php(55): CodeIgniter\CodeIgniter->run()
 9 SYSTEMPATH\Commands\Server\rewrite.php(43): require_once('FCPATH\\index.php')
CRITICAL - 2022-08-12 14:27:37 --> syntax error, unexpected token "+", expecting "->" or "?->" or "{" or "["
in APPPATH\Views\pages\show.php on line 34.
 1 SYSTEMPATH\View\View.php(216): CodeIgniter\View\View->CodeIgniter\View\{closure}()
 2 SYSTEMPATH\Common.php(1135): CodeIgniter\View\View->render('pages/show', [], true)
 3 APPPATH\Controllers\Result.php(53): view('pages/show', [...])
 4 SYSTEMPATH\CodeIgniter.php(896): App\Controllers\Result->show('234')
 5 SYSTEMPATH\CodeIgniter.php(466): CodeIgniter\CodeIgniter->runController(Object(App\Controllers\Result))
 6 SYSTEMPATH\CodeIgniter.php(349): CodeIgniter\CodeIgniter->handleRequest(null, Object(Config\Cache), false)
 7 FCPATH\index.php(55): CodeIgniter\CodeIgniter->run()
 8 SYSTEMPATH\Commands\Server\rewrite.php(43): require_once('FCPATH\\index.php')
CRITICAL - 2022-08-12 14:27:49 --> Attempt to read property "algoritma" on array
in APPPATH\Views\pages\show.php on line 21.
 1 APPPATH\Views\pages\show.php(21): CodeIgniter\Debug\Exceptions->errorHandler(2, 'Attempt to read property "algoritma" on array', 'APPPATH\\Views\\pages\\show.php', 21)
 2 SYSTEMPATH\View\View.php(213): include('APPPATH\\Views\\pages\\show.php')
 3 SYSTEMPATH\View\View.php(216): CodeIgniter\View\View->CodeIgniter\View\{closure}()
 4 SYSTEMPATH\Common.php(1135): CodeIgniter\View\View->render('pages/show', [], true)
 5 APPPATH\Controllers\Result.php(53): view('pages/show', [...])
 6 SYSTEMPATH\CodeIgniter.php(896): App\Controllers\Result->show('234')
 7 SYSTEMPATH\CodeIgniter.php(466): CodeIgniter\CodeIgniter->runController(Object(App\Controllers\Result))
 8 SYSTEMPATH\CodeIgniter.php(349): CodeIgniter\CodeIgniter->handleRequest(null, Object(Config\Cache), false)
 9 FCPATH\index.php(55): CodeIgniter\CodeIgniter->run()
10 SYSTEMPATH\Commands\Server\rewrite.php(43): require_once('FCPATH\\index.php')
CRITICAL - 2022-08-12 14:32:15 --> Attempt to read property "algoritma" on array
in APPPATH\Views\pages\show.php on line 22.
 1 APPPATH\Views\pages\show.php(22): CodeIgniter\Debug\Exceptions->errorHandler(2, 'Attempt to read property "algoritma" on array', 'APPPATH\\Views\\pages\\show.php', 22)
 2 SYSTEMPATH\View\View.php(213): include('APPPATH\\Views\\pages\\show.php')
 3 SYSTEMPATH\View\View.php(216): CodeIgniter\View\View->CodeIgniter\View\{closure}()
 4 SYSTEMPATH\Common.php(1135): CodeIgniter\View\View->render('pages/show', [], true)
 5 APPPATH\Controllers\Result.php(53): view('pages/show', [...])
 6 SYSTEMPATH\CodeIgniter.php(896): App\Controllers\Result->show('234')
 7 SYSTEMPATH\CodeIgniter.php(466): CodeIgniter\CodeIgniter->runController(Object(App\Controllers\Result))
 8 SYSTEMPATH\CodeIgniter.php(349): CodeIgniter\CodeIgniter->handleRequest(null, Object(Config\Cache), false)
 9 FCPATH\index.php(55): CodeIgniter\CodeIgniter->run()
10 SYSTEMPATH\Commands\Server\rewrite.php(43): require_once('FCPATH\\index.php')
CRITICAL - 2022-08-12 14:32:21 --> Undefined property: mysqli::$algoritma
in APPPATH\Views\pages\show.php on line 22.
 1 APPPATH\Views\pages\show.php(22): CodeIgniter\Debug\Exceptions->errorHandler(2, 'Undefined property: mysqli::$algoritma', 'APPPATH\\Views\\pages\\show.php', 22)
 2 SYSTEMPATH\View\View.php(213): include('APPPATH\\Views\\pages\\show.php')
 3 SYSTEMPATH\View\View.php(216): CodeIgniter\View\View->CodeIgniter\View\{closure}()
 4 SYSTEMPATH\Common.php(1135): CodeIgniter\View\View->render('pages/show', [], true)
 5 APPPATH\Controllers\Result.php(53): view('pages/show', [...])
 6 SYSTEMPATH\CodeIgniter.php(896): App\Controllers\Result->show('234')
 7 SYSTEMPATH\CodeIgniter.php(466): CodeIgniter\CodeIgniter->runController(Object(App\Controllers\Result))
 8 SYSTEMPATH\CodeIgniter.php(349): CodeIgniter\CodeIgniter->handleRequest(null, Object(Config\Cache), false)
 9 FCPATH\index.php(55): CodeIgniter\CodeIgniter->run()
10 SYSTEMPATH\Commands\Server\rewrite.php(43): require_once('FCPATH\\index.php')
CRITICAL - 2022-08-12 14:32:34 --> Call to undefined method App\Models\PredictsModel::getName
in SYSTEMPATH\Model.php on line 773.
 1 APPPATH\Controllers\Result.php(38): CodeIgniter\Model->__call('getName', [])
 2 SYSTEMPATH\CodeIgniter.php(896): App\Controllers\Result->show('234')
 3 SYSTEMPATH\CodeIgniter.php(466): CodeIgniter\CodeIgniter->runController(Object(App\Controllers\Result))
 4 SYSTEMPATH\CodeIgniter.php(349): CodeIgniter\CodeIgniter->handleRequest(null, Object(Config\Cache), false)
 5 FCPATH\index.php(55): CodeIgniter\CodeIgniter->run()
 6 SYSTEMPATH\Commands\Server\rewrite.php(43): require_once('FCPATH\\index.php')
CRITICAL - 2022-08-12 14:32:51 --> Attempt to read property "algoritma" on null
in APPPATH\Views\pages\show.php on line 22.
 1 APPPATH\Views\pages\show.php(22): CodeIgniter\Debug\Exceptions->errorHandler(2, 'Attempt to read property "algoritma" on null', 'APPPATH\\Views\\pages\\show.php', 22)
 2 SYSTEMPATH\View\View.php(213): include('APPPATH\\Views\\pages\\show.php')
 3 SYSTEMPATH\View\View.php(216): CodeIgniter\View\View->CodeIgniter\View\{closure}()
 4 SYSTEMPATH\Common.php(1135): CodeIgniter\View\View->render('pages/show', [], true)
 5 APPPATH\Controllers\Result.php(53): view('pages/show', [...])
 6 SYSTEMPATH\CodeIgniter.php(896): App\Controllers\Result->show('234')
 7 SYSTEMPATH\CodeIgniter.php(466): CodeIgniter\CodeIgniter->runController(Object(App\Controllers\Result))
 8 SYSTEMPATH\CodeIgniter.php(349): CodeIgniter\CodeIgniter->handleRequest(null, Object(Config\Cache), false)
 9 FCPATH\index.php(55): CodeIgniter\CodeIgniter->run()
10 SYSTEMPATH\Commands\Server\rewrite.php(43): require_once('FCPATH\\index.php')
CRITICAL - 2022-08-12 14:32:52 --> Attempt to read property "algoritma" on null
in APPPATH\Views\pages\show.php on line 22.
 1 APPPATH\Views\pages\show.php(22): CodeIgniter\Debug\Exceptions->errorHandler(2, 'Attempt to read property "algoritma" on null', 'APPPATH\\Views\\pages\\show.php', 22)
 2 SYSTEMPATH\View\View.php(213): include('APPPATH\\Views\\pages\\show.php')
 3 SYSTEMPATH\View\View.php(216): CodeIgniter\View\View->CodeIgniter\View\{closure}()
 4 SYSTEMPATH\Common.php(1135): CodeIgniter\View\View->render('pages/show', [], true)
 5 APPPATH\Controllers\Result.php(53): view('pages/show', [...])
 6 SYSTEMPATH\CodeIgniter.php(896): App\Controllers\Result->show('234')
 7 SYSTEMPATH\CodeIgniter.php(466): CodeIgniter\CodeIgniter->runController(Object(App\Controllers\Result))
 8 SYSTEMPATH\CodeIgniter.php(349): CodeIgniter\CodeIgniter->handleRequest(null, Object(Config\Cache), false)
 9 FCPATH\index.php(55): CodeIgniter\CodeIgniter->run()
10 SYSTEMPATH\Commands\Server\rewrite.php(43): require_once('FCPATH\\index.php')
CRITICAL - 2022-08-12 14:33:44 --> Too few arguments to function CodeIgniter\BaseModel::findColumn(), 0 passed in C:\xampp\htdocs\proyekakhir\app\Controllers\Result.php on line 38 and exactly 1 expected
in SYSTEMPATH\BaseModel.php on line 548.
 1 APPPATH\Controllers\Result.php(38): CodeIgniter\BaseModel->findColumn()
 2 SYSTEMPATH\CodeIgniter.php(896): App\Controllers\Result->show('234')
 3 SYSTEMPATH\CodeIgniter.php(466): CodeIgniter\CodeIgniter->runController(Object(App\Controllers\Result))
 4 SYSTEMPATH\CodeIgniter.php(349): CodeIgniter\CodeIgniter->handleRequest(null, Object(Config\Cache), false)
 5 FCPATH\index.php(55): CodeIgniter\CodeIgniter->run()
 6 SYSTEMPATH\Commands\Server\rewrite.php(43): require_once('FCPATH\\index.php')
CRITICAL - 2022-08-12 14:33:45 --> Too few arguments to function CodeIgniter\BaseModel::findColumn(), 0 passed in C:\xampp\htdocs\proyekakhir\app\Controllers\Result.php on line 38 and exactly 1 expected
in SYSTEMPATH\BaseModel.php on line 548.
 1 APPPATH\Controllers\Result.php(38): CodeIgniter\BaseModel->findColumn()
 2 SYSTEMPATH\CodeIgniter.php(896): App\Controllers\Result->show('234')
 3 SYSTEMPATH\CodeIgniter.php(466): CodeIgniter\CodeIgniter->runController(Object(App\Controllers\Result))
 4 SYSTEMPATH\CodeIgniter.php(349): CodeIgniter\CodeIgniter->handleRequest(null, Object(Config\Cache), false)
 5 FCPATH\index.php(55): CodeIgniter\CodeIgniter->run()
 6 SYSTEMPATH\Commands\Server\rewrite.php(43): require_once('FCPATH\\index.php')
CRITICAL - 2022-08-12 14:41:12 --> foreach() argument must be of type array|object, string given
in APPPATH\Views\pages\show.php on line 21.
 1 APPPATH\Views\pages\show.php(21): CodeIgniter\Debug\Exceptions->errorHandler(2, 'foreach() argument must be of type array|object, string given', 'APPPATH\\Views\\pages\\show.php', 21)
 2 SYSTEMPATH\View\View.php(213): include('APPPATH\\Views\\pages\\show.php')
 3 SYSTEMPATH\View\View.php(216): CodeIgniter\View\View->CodeIgniter\View\{closure}()
 4 SYSTEMPATH\Common.php(1135): CodeIgniter\View\View->render('pages/show', [], true)
 5 APPPATH\Controllers\Result.php(54): view('pages/show', [...])
 6 SYSTEMPATH\CodeIgniter.php(896): App\Controllers\Result->show('234')
 7 SYSTEMPATH\CodeIgniter.php(466): CodeIgniter\CodeIgniter->runController(Object(App\Controllers\Result))
 8 SYSTEMPATH\CodeIgniter.php(349): CodeIgniter\CodeIgniter->handleRequest(null, Object(Config\Cache), false)
 9 FCPATH\index.php(55): CodeIgniter\CodeIgniter->run()
10 SYSTEMPATH\Commands\Server\rewrite.php(43): require_once('FCPATH\\index.php')
CRITICAL - 2022-08-12 14:41:31 --> Undefined variable $i
in APPPATH\Views\pages\show.php on line 22.
 1 APPPATH\Views\pages\show.php(22): CodeIgniter\Debug\Exceptions->errorHandler(2, 'Undefined variable $i', 'APPPATH\\Views\\pages\\show.php', 22)
 2 SYSTEMPATH\View\View.php(213): include('APPPATH\\Views\\pages\\show.php')
 3 SYSTEMPATH\View\View.php(216): CodeIgniter\View\View->CodeIgniter\View\{closure}()
 4 SYSTEMPATH\Common.php(1135): CodeIgniter\View\View->render('pages/show', [], true)
 5 APPPATH\Controllers\Result.php(54): view('pages/show', [...])
 6 SYSTEMPATH\CodeIgniter.php(896): App\Controllers\Result->show('234')
 7 SYSTEMPATH\CodeIgniter.php(466): CodeIgniter\CodeIgniter->runController(Object(App\Controllers\Result))
 8 SYSTEMPATH\CodeIgniter.php(349): CodeIgniter\CodeIgniter->handleRequest(null, Object(Config\Cache), false)
 9 FCPATH\index.php(55): CodeIgniter\CodeIgniter->run()
10 SYSTEMPATH\Commands\Server\rewrite.php(43): require_once('FCPATH\\index.php')
CRITICAL - 2022-08-12 15:06:41 --> Attempt to read property "name" on null
in APPPATH\Views\predict\u_neighbors.php on line 19.
 1 APPPATH\Views\predict\u_neighbors.php(19): CodeIgniter\Debug\Exceptions->errorHandler(2, 'Attempt to read property "name" on null', 'APPPATH\\Views\\predict\\u_neighbors.php', 19)
 2 SYSTEMPATH\View\View.php(213): include('APPPATH\\Views\\predict\\u_neighbors.php')
 3 SYSTEMPATH\View\View.php(216): CodeIgniter\View\View->CodeIgniter\View\{closure}()
 4 SYSTEMPATH\Common.php(1135): CodeIgniter\View\View->render('predict/u_neighbors', [], true)
 5 APPPATH\Controllers\Neighbors.php(13): view('predict/u_neighbors')
 6 SYSTEMPATH\CodeIgniter.php(896): App\Controllers\Neighbors->index()
 7 SYSTEMPATH\CodeIgniter.php(466): CodeIgniter\CodeIgniter->runController(Object(App\Controllers\Neighbors))
 8 SYSTEMPATH\CodeIgniter.php(349): CodeIgniter\CodeIgniter->handleRequest(null, Object(Config\Cache), false)
 9 FCPATH\index.php(55): CodeIgniter\CodeIgniter->run()
10 SYSTEMPATH\Commands\Server\rewrite.php(43): require_once('FCPATH\\index.php')
CRITICAL - 2022-08-12 15:06:42 --> Attempt to read property "name" on null
in APPPATH\Views\predict\u_neighbors.php on line 19.
 1 APPPATH\Views\predict\u_neighbors.php(19): CodeIgniter\Debug\Exceptions->errorHandler(2, 'Attempt to read property "name" on null', 'APPPATH\\Views\\predict\\u_neighbors.php', 19)
 2 SYSTEMPATH\View\View.php(213): include('APPPATH\\Views\\predict\\u_neighbors.php')
 3 SYSTEMPATH\View\View.php(216): CodeIgniter\View\View->CodeIgniter\View\{closure}()
 4 SYSTEMPATH\Common.php(1135): CodeIgniter\View\View->render('predict/u_neighbors', [], true)
 5 APPPATH\Controllers\Neighbors.php(13): view('predict/u_neighbors')
 6 SYSTEMPATH\CodeIgniter.php(896): App\Controllers\Neighbors->index()
 7 SYSTEMPATH\CodeIgniter.php(466): CodeIgniter\CodeIgniter->runController(Object(App\Controllers\Neighbors))
 8 SYSTEMPATH\CodeIgniter.php(349): CodeIgniter\CodeIgniter->handleRequest(null, Object(Config\Cache), false)
 9 FCPATH\index.php(55): CodeIgniter\CodeIgniter->run()
10 SYSTEMPATH\Commands\Server\rewrite.php(43): require_once('FCPATH\\index.php')
