ERROR - 2022-06-30 07:38:23 --> Error connecting to the database: No connection could be made because the target machine actively refused it
CRITICAL - 2022-06-30 07:38:23 --> Unable to connect to the database.
Main connection [MySQLi]: No connection could be made because the target machine actively refused it
in SYSTEMPATH\Database\BaseConnection.php on line 416.
 1 SYSTEMPATH\Database\BaseConnection.php(586): CodeIgniter\Database\BaseConnection->initialize()
 2 SYSTEMPATH\Database\BaseBuilder.php(1718): CodeIgniter\Database\BaseConnection->query('SELECT *
FROM `users`
WHERE `username` = :username:', [...], false)
 3 APPPATH\Controllers\Auth.php(25): CodeIgniter\Database\BaseBuilder->getWhere([...])
 4 SYSTEMPATH\CodeIgniter.php(896): App\Controllers\Auth->loginProcess()
 5 SYSTEMPATH\CodeIgniter.php(466): CodeIgniter\CodeIgniter->runController(Object(App\Controllers\Auth))
 6 SYSTEMPATH\CodeIgniter.php(349): CodeIgniter\CodeIgniter->handleRequest(null, Object(Config\Cache), false)
 7 FCPATH\index.php(55): CodeIgniter\CodeIgniter->run()
 8 SYSTEMPATH\Commands\Server\rewrite.php(43): require_once('FCPATH\\index.php')
CRITICAL - 2022-06-30 08:24:50 --> Undefined variable $output
in APPPATH\Views\pages\result.php on line 40.
 1 APPPATH\Views\pages\result.php(40): CodeIgniter\Debug\Exceptions->errorHandler(2, 'Undefined variable $output', 'APPPATH\\Views\\pages\\result.php', 40)
 2 SYSTEMPATH\View\View.php(213): include('APPPATH\\Views\\pages\\result.php')
 3 SYSTEMPATH\View\View.php(216): CodeIgniter\View\View->CodeIgniter\View\{closure}()
 4 SYSTEMPATH\Common.php(1135): CodeIgniter\View\View->render('pages/result', [], true)
 5 APPPATH\Controllers\Neighbors.php(51): view('pages/result')
 6 SYSTEMPATH\CodeIgniter.php(896): App\Controllers\Neighbors->predict()
 7 SYSTEMPATH\CodeIgniter.php(466): CodeIgniter\CodeIgniter->runController(Object(App\Controllers\Neighbors))
 8 SYSTEMPATH\CodeIgniter.php(349): CodeIgniter\CodeIgniter->handleRequest(null, Object(Config\Cache), false)
 9 FCPATH\index.php(55): CodeIgniter\CodeIgniter->run()
10 SYSTEMPATH\Commands\Server\rewrite.php(43): require_once('FCPATH\\index.php')
