CRITICAL - 2022-06-23 05:50:26 --> Undefined property: App\Controllers\Auth::$db
in APPPATH\Controllers\Auth.php on line 25.
 1 APPPATH\Controllers\Auth.php(25): CodeIgniter\Debug\Exceptions->errorHandler(2, 'Undefined property: App\\Controllers\\Auth::$db', 'APPPATH\\Controllers\\Auth.php', 25)
 2 SYSTEMPATH\CodeIgniter.php(896): App\Controllers\Auth->loginProcess()
 3 SYSTEMPATH\CodeIgniter.php(466): CodeIgniter\CodeIgniter->runController(Object(App\Controllers\Auth))
 4 SYSTEMPATH\CodeIgniter.php(349): CodeIgniter\CodeIgniter->handleRequest(null, Object(Config\Cache), false)
 5 FCPATH\index.php(55): CodeIgniter\CodeIgniter->run()
 6 SYSTEMPATH\Commands\Server\rewrite.php(43): require_once('FCPATH\\index.php')
ERROR - 2022-06-23 05:51:33 --> Error connecting to the database: Access denied for user '****'@'localhost' (using password: YES)
CRITICAL - 2022-06-23 05:51:33 --> Unable to connect to the database.
Main connection [MySQLi]: Access denied for user '****'@'localhost' (using password: YES)
in SYSTEMPATH\Database\BaseConnection.php on line 416.
 1 SYSTEMPATH\Database\BaseConnection.php(586): CodeIgniter\Database\BaseConnection->initialize()
 2 SYSTEMPATH\Database\BaseBuilder.php(1718): CodeIgniter\Database\BaseConnection->query('SELECT *
FROM `users`
WHERE `username` = :username:', [...], false)
 3 APPPATH\Controllers\Auth.php(25): CodeIgniter\Database\BaseBuilder->getWhere([...])
 4 SYSTEMPATH\CodeIgniter.php(896): App\Controllers\Auth->loginProcess()
 5 SYSTEMPATH\CodeIgniter.php(466): CodeIgniter\CodeIgniter->runController(Object(App\Controllers\Auth))
 6 SYSTEMPATH\CodeIgniter.php(349): CodeIgniter\CodeIgniter->handleRequest(null, Object(Config\Cache), false)
 7 FCPATH\index.php(55): CodeIgniter\CodeIgniter->run()
 8 SYSTEMPATH\Commands\Server\rewrite.php(43): require_once('FCPATH\\index.php')
CRITICAL - 2022-06-23 08:26:52 --> Undefined variable $validation
in APPPATH\Views\model\new.php on line 26.
 1 APPPATH\Views\model\new.php(26): CodeIgniter\Debug\Exceptions->errorHandler(2, 'Undefined variable $validation', 'APPPATH\\Views\\model\\new.php', 26)
 2 SYSTEMPATH\View\View.php(213): include('APPPATH\\Views\\model\\new.php')
 3 SYSTEMPATH\View\View.php(216): CodeIgniter\View\View->CodeIgniter\View\{closure}()
 4 SYSTEMPATH\Common.php(1135): CodeIgniter\View\View->render('model/new', [], true)
 5 APPPATH\Controllers\Model.php(38): view('model/new')
 6 SYSTEMPATH\CodeIgniter.php(896): App\Controllers\Model->new()
 7 SYSTEMPATH\CodeIgniter.php(466): CodeIgniter\CodeIgniter->runController(Object(App\Controllers\Model))
 8 SYSTEMPATH\CodeIgniter.php(349): CodeIgniter\CodeIgniter->handleRequest(null, Object(Config\Cache), false)
 9 FCPATH\index.php(55): CodeIgniter\CodeIgniter->run()
10 SYSTEMPATH\Commands\Server\rewrite.php(43): require_once('FCPATH\\index.php')
CRITICAL - 2022-06-23 08:26:53 --> Undefined variable $validation
in APPPATH\Views\model\new.php on line 26.
 1 APPPATH\Views\model\new.php(26): CodeIgniter\Debug\Exceptions->errorHandler(2, 'Undefined variable $validation', 'APPPATH\\Views\\model\\new.php', 26)
 2 SYSTEMPATH\View\View.php(213): include('APPPATH\\Views\\model\\new.php')
 3 SYSTEMPATH\View\View.php(216): CodeIgniter\View\View->CodeIgniter\View\{closure}()
 4 SYSTEMPATH\Common.php(1135): CodeIgniter\View\View->render('model/new', [], true)
 5 APPPATH\Controllers\Model.php(38): view('model/new')
 6 SYSTEMPATH\CodeIgniter.php(896): App\Controllers\Model->new()
 7 SYSTEMPATH\CodeIgniter.php(466): CodeIgniter\CodeIgniter->runController(Object(App\Controllers\Model))
 8 SYSTEMPATH\CodeIgniter.php(349): CodeIgniter\CodeIgniter->handleRequest(null, Object(Config\Cache), false)
 9 FCPATH\index.php(55): CodeIgniter\CodeIgniter->run()
10 SYSTEMPATH\Commands\Server\rewrite.php(43): require_once('FCPATH\\index.php')
ERROR - 2022-06-23 08:51:05 --> You have an error in your SQL syntax; check the manual that corresponds to your MariaDB server version for the right syntax to use near 'NULL,
	`deleted_at` VARCHAR NULL,
	CONSTRAINT `pk_model` PRIMARY KEY(`id`)
) ...' at line 5
ERROR - 2022-06-23 08:54:28 --> You have an error in your SQL syntax; check the manual that corresponds to your MariaDB server version for the right syntax to use near 'NULL,
	`deleted_at` VARCHAR NULL,
	CONSTRAINT `pk_model` PRIMARY KEY(`id`)
) ...' at line 5
CRITICAL - 2022-06-23 09:12:19 --> Undefined variable $userLogin
in APPPATH\Views\layout\templates.php on line 93.
 1 APPPATH\Views\layout\templates.php(93): CodeIgniter\Debug\Exceptions->errorHandler(2, 'Undefined variable $userLogin', 'APPPATH\\Views\\layout\\templates.php', 93)
 2 SYSTEMPATH\View\View.php(213): include('APPPATH\\Views\\layout\\templates.php')
 3 SYSTEMPATH\View\View.php(216): CodeIgniter\View\View->CodeIgniter\View\{closure}()
 4 SYSTEMPATH\View\View.php(229): CodeIgniter\View\View->render('layout/templates', [], true)
 5 SYSTEMPATH\Common.php(1135): CodeIgniter\View\View->render('admin/index', [], true)
 6 APPPATH\Controllers\Admin.php(22): view('admin/index', [...])
 7 SYSTEMPATH\CodeIgniter.php(896): App\Controllers\Admin->users()
 8 SYSTEMPATH\CodeIgniter.php(466): CodeIgniter\CodeIgniter->runController(Object(App\Controllers\Admin))
 9 SYSTEMPATH\CodeIgniter.php(349): CodeIgniter\CodeIgniter->handleRequest(null, Object(Config\Cache), false)
10 FCPATH\index.php(55): CodeIgniter\CodeIgniter->run()
11 SYSTEMPATH\Commands\Server\rewrite.php(43): require_once('FCPATH\\index.php')
CRITICAL - 2022-06-23 09:14:06 --> Undefined variable $userLogin
in APPPATH\Views\layout\templates.php on line 93.
 1 APPPATH\Views\layout\templates.php(93): CodeIgniter\Debug\Exceptions->errorHandler(2, 'Undefined variable $userLogin', 'APPPATH\\Views\\layout\\templates.php', 93)
 2 SYSTEMPATH\View\View.php(213): include('APPPATH\\Views\\layout\\templates.php')
 3 SYSTEMPATH\View\View.php(216): CodeIgniter\View\View->CodeIgniter\View\{closure}()
 4 SYSTEMPATH\View\View.php(229): CodeIgniter\View\View->render('layout/templates', [], true)
 5 SYSTEMPATH\Common.php(1135): CodeIgniter\View\View->render('admin/index', [], true)
 6 APPPATH\Controllers\Admin.php(22): view('admin/index', [...])
 7 SYSTEMPATH\CodeIgniter.php(896): App\Controllers\Admin->users()
 8 SYSTEMPATH\CodeIgniter.php(466): CodeIgniter\CodeIgniter->runController(Object(App\Controllers\Admin))
 9 SYSTEMPATH\CodeIgniter.php(349): CodeIgniter\CodeIgniter->handleRequest(null, Object(Config\Cache), false)
10 FCPATH\index.php(55): CodeIgniter\CodeIgniter->run()
11 SYSTEMPATH\Commands\Server\rewrite.php(43): require_once('FCPATH\\index.php')
CRITICAL - 2022-06-23 09:14:07 --> Undefined variable $userLogin
in APPPATH\Views\layout\templates.php on line 93.
 1 APPPATH\Views\layout\templates.php(93): CodeIgniter\Debug\Exceptions->errorHandler(2, 'Undefined variable $userLogin', 'APPPATH\\Views\\layout\\templates.php', 93)
 2 SYSTEMPATH\View\View.php(213): include('APPPATH\\Views\\layout\\templates.php')
 3 SYSTEMPATH\View\View.php(216): CodeIgniter\View\View->CodeIgniter\View\{closure}()
 4 SYSTEMPATH\View\View.php(229): CodeIgniter\View\View->render('layout/templates', [], true)
 5 SYSTEMPATH\Common.php(1135): CodeIgniter\View\View->render('admin/index', [], true)
 6 APPPATH\Controllers\Admin.php(22): view('admin/index', [...])
 7 SYSTEMPATH\CodeIgniter.php(896): App\Controllers\Admin->users()
 8 SYSTEMPATH\CodeIgniter.php(466): CodeIgniter\CodeIgniter->runController(Object(App\Controllers\Admin))
 9 SYSTEMPATH\CodeIgniter.php(349): CodeIgniter\CodeIgniter->handleRequest(null, Object(Config\Cache), false)
10 FCPATH\index.php(55): CodeIgniter\CodeIgniter->run()
11 SYSTEMPATH\Commands\Server\rewrite.php(43): require_once('FCPATH\\index.php')
CRITICAL - 2022-06-23 09:14:07 --> Undefined variable $userLogin
in APPPATH\Views\layout\templates.php on line 93.
 1 APPPATH\Views\layout\templates.php(93): CodeIgniter\Debug\Exceptions->errorHandler(2, 'Undefined variable $userLogin', 'APPPATH\\Views\\layout\\templates.php', 93)
 2 SYSTEMPATH\View\View.php(213): include('APPPATH\\Views\\layout\\templates.php')
 3 SYSTEMPATH\View\View.php(216): CodeIgniter\View\View->CodeIgniter\View\{closure}()
 4 SYSTEMPATH\View\View.php(229): CodeIgniter\View\View->render('layout/templates', [], true)
 5 SYSTEMPATH\Common.php(1135): CodeIgniter\View\View->render('admin/index', [], true)
 6 APPPATH\Controllers\Admin.php(22): view('admin/index', [...])
 7 SYSTEMPATH\CodeIgniter.php(896): App\Controllers\Admin->users()
 8 SYSTEMPATH\CodeIgniter.php(466): CodeIgniter\CodeIgniter->runController(Object(App\Controllers\Admin))
 9 SYSTEMPATH\CodeIgniter.php(349): CodeIgniter\CodeIgniter->handleRequest(null, Object(Config\Cache), false)
10 FCPATH\index.php(55): CodeIgniter\CodeIgniter->run()
11 SYSTEMPATH\Commands\Server\rewrite.php(43): require_once('FCPATH\\index.php')
CRITICAL - 2022-06-23 09:14:46 --> Undefined variable $userLogin
in APPPATH\Views\layout\templates.php on line 93.
 1 APPPATH\Views\layout\templates.php(93): CodeIgniter\Debug\Exceptions->errorHandler(2, 'Undefined variable $userLogin', 'APPPATH\\Views\\layout\\templates.php', 93)
 2 SYSTEMPATH\View\View.php(213): include('APPPATH\\Views\\layout\\templates.php')
 3 SYSTEMPATH\View\View.php(216): CodeIgniter\View\View->CodeIgniter\View\{closure}()
 4 SYSTEMPATH\View\View.php(229): CodeIgniter\View\View->render('layout/templates', [], true)
 5 SYSTEMPATH\Common.php(1135): CodeIgniter\View\View->render('pages/dashboard', [], true)
 6 APPPATH\Controllers\Pages.php(16): view('pages/dashboard')
 7 SYSTEMPATH\CodeIgniter.php(896): App\Controllers\Pages->dashboard()
 8 SYSTEMPATH\CodeIgniter.php(466): CodeIgniter\CodeIgniter->runController(Object(App\Controllers\Pages))
 9 SYSTEMPATH\CodeIgniter.php(349): CodeIgniter\CodeIgniter->handleRequest(null, Object(Config\Cache), false)
10 FCPATH\index.php(55): CodeIgniter\CodeIgniter->run()
11 SYSTEMPATH\Commands\Server\rewrite.php(43): require_once('FCPATH\\index.php')
CRITICAL - 2022-06-23 09:18:21 --> Undefined variable $userLogin
in APPPATH\Views\layout\templates.php on line 93.
 1 APPPATH\Views\layout\templates.php(93): CodeIgniter\Debug\Exceptions->errorHandler(2, 'Undefined variable $userLogin', 'APPPATH\\Views\\layout\\templates.php', 93)
 2 SYSTEMPATH\View\View.php(213): include('APPPATH\\Views\\layout\\templates.php')
 3 SYSTEMPATH\View\View.php(216): CodeIgniter\View\View->CodeIgniter\View\{closure}()
 4 SYSTEMPATH\View\View.php(229): CodeIgniter\View\View->render('layout/templates', [], true)
 5 SYSTEMPATH\Common.php(1135): CodeIgniter\View\View->render('pages/dashboard', [], true)
 6 APPPATH\Controllers\Pages.php(16): view('pages/dashboard')
 7 SYSTEMPATH\CodeIgniter.php(896): App\Controllers\Pages->dashboard()
 8 SYSTEMPATH\CodeIgniter.php(466): CodeIgniter\CodeIgniter->runController(Object(App\Controllers\Pages))
 9 SYSTEMPATH\CodeIgniter.php(349): CodeIgniter\CodeIgniter->handleRequest(null, Object(Config\Cache), false)
10 FCPATH\index.php(55): CodeIgniter\CodeIgniter->run()
11 SYSTEMPATH\Commands\Server\rewrite.php(43): require_once('FCPATH\\index.php')
CRITICAL - 2022-06-23 09:18:22 --> Undefined variable $userLogin
in APPPATH\Views\layout\templates.php on line 93.
 1 APPPATH\Views\layout\templates.php(93): CodeIgniter\Debug\Exceptions->errorHandler(2, 'Undefined variable $userLogin', 'APPPATH\\Views\\layout\\templates.php', 93)
 2 SYSTEMPATH\View\View.php(213): include('APPPATH\\Views\\layout\\templates.php')
 3 SYSTEMPATH\View\View.php(216): CodeIgniter\View\View->CodeIgniter\View\{closure}()
 4 SYSTEMPATH\View\View.php(229): CodeIgniter\View\View->render('layout/templates', [], true)
 5 SYSTEMPATH\Common.php(1135): CodeIgniter\View\View->render('pages/dashboard', [], true)
 6 APPPATH\Controllers\Pages.php(16): view('pages/dashboard')
 7 SYSTEMPATH\CodeIgniter.php(896): App\Controllers\Pages->dashboard()
 8 SYSTEMPATH\CodeIgniter.php(466): CodeIgniter\CodeIgniter->runController(Object(App\Controllers\Pages))
 9 SYSTEMPATH\CodeIgniter.php(349): CodeIgniter\CodeIgniter->handleRequest(null, Object(Config\Cache), false)
10 FCPATH\index.php(55): CodeIgniter\CodeIgniter->run()
11 SYSTEMPATH\Commands\Server\rewrite.php(43): require_once('FCPATH\\index.php')
CRITICAL - 2022-06-23 09:18:22 --> Undefined variable $userLogin
in APPPATH\Views\layout\templates.php on line 93.
 1 APPPATH\Views\layout\templates.php(93): CodeIgniter\Debug\Exceptions->errorHandler(2, 'Undefined variable $userLogin', 'APPPATH\\Views\\layout\\templates.php', 93)
 2 SYSTEMPATH\View\View.php(213): include('APPPATH\\Views\\layout\\templates.php')
 3 SYSTEMPATH\View\View.php(216): CodeIgniter\View\View->CodeIgniter\View\{closure}()
 4 SYSTEMPATH\View\View.php(229): CodeIgniter\View\View->render('layout/templates', [], true)
 5 SYSTEMPATH\Common.php(1135): CodeIgniter\View\View->render('pages/dashboard', [], true)
 6 APPPATH\Controllers\Pages.php(16): view('pages/dashboard')
 7 SYSTEMPATH\CodeIgniter.php(896): App\Controllers\Pages->dashboard()
 8 SYSTEMPATH\CodeIgniter.php(466): CodeIgniter\CodeIgniter->runController(Object(App\Controllers\Pages))
 9 SYSTEMPATH\CodeIgniter.php(349): CodeIgniter\CodeIgniter->handleRequest(null, Object(Config\Cache), false)
10 FCPATH\index.php(55): CodeIgniter\CodeIgniter->run()
11 SYSTEMPATH\Commands\Server\rewrite.php(43): require_once('FCPATH\\index.php')
CRITICAL - 2022-06-23 09:18:22 --> Undefined variable $userLogin
in APPPATH\Views\layout\templates.php on line 93.
 1 APPPATH\Views\layout\templates.php(93): CodeIgniter\Debug\Exceptions->errorHandler(2, 'Undefined variable $userLogin', 'APPPATH\\Views\\layout\\templates.php', 93)
 2 SYSTEMPATH\View\View.php(213): include('APPPATH\\Views\\layout\\templates.php')
 3 SYSTEMPATH\View\View.php(216): CodeIgniter\View\View->CodeIgniter\View\{closure}()
 4 SYSTEMPATH\View\View.php(229): CodeIgniter\View\View->render('layout/templates', [], true)
 5 SYSTEMPATH\Common.php(1135): CodeIgniter\View\View->render('pages/dashboard', [], true)
 6 APPPATH\Controllers\Pages.php(16): view('pages/dashboard')
 7 SYSTEMPATH\CodeIgniter.php(896): App\Controllers\Pages->dashboard()
 8 SYSTEMPATH\CodeIgniter.php(466): CodeIgniter\CodeIgniter->runController(Object(App\Controllers\Pages))
 9 SYSTEMPATH\CodeIgniter.php(349): CodeIgniter\CodeIgniter->handleRequest(null, Object(Config\Cache), false)
10 FCPATH\index.php(55): CodeIgniter\CodeIgniter->run()
11 SYSTEMPATH\Commands\Server\rewrite.php(43): require_once('FCPATH\\index.php')
CRITICAL - 2022-06-23 09:18:23 --> Undefined variable $userLogin
in APPPATH\Views\layout\templates.php on line 93.
 1 APPPATH\Views\layout\templates.php(93): CodeIgniter\Debug\Exceptions->errorHandler(2, 'Undefined variable $userLogin', 'APPPATH\\Views\\layout\\templates.php', 93)
 2 SYSTEMPATH\View\View.php(213): include('APPPATH\\Views\\layout\\templates.php')
 3 SYSTEMPATH\View\View.php(216): CodeIgniter\View\View->CodeIgniter\View\{closure}()
 4 SYSTEMPATH\View\View.php(229): CodeIgniter\View\View->render('layout/templates', [], true)
 5 SYSTEMPATH\Common.php(1135): CodeIgniter\View\View->render('pages/dashboard', [], true)
 6 APPPATH\Controllers\Pages.php(16): view('pages/dashboard')
 7 SYSTEMPATH\CodeIgniter.php(896): App\Controllers\Pages->dashboard()
 8 SYSTEMPATH\CodeIgniter.php(466): CodeIgniter\CodeIgniter->runController(Object(App\Controllers\Pages))
 9 SYSTEMPATH\CodeIgniter.php(349): CodeIgniter\CodeIgniter->handleRequest(null, Object(Config\Cache), false)
10 FCPATH\index.php(55): CodeIgniter\CodeIgniter->run()
11 SYSTEMPATH\Commands\Server\rewrite.php(43): require_once('FCPATH\\index.php')
CRITICAL - 2022-06-23 09:21:29 --> Undefined variable $userLogin
in APPPATH\Views\layout\templates.php on line 93.
 1 APPPATH\Views\layout\templates.php(93): CodeIgniter\Debug\Exceptions->errorHandler(2, 'Undefined variable $userLogin', 'APPPATH\\Views\\layout\\templates.php', 93)
 2 SYSTEMPATH\View\View.php(213): include('APPPATH\\Views\\layout\\templates.php')
 3 SYSTEMPATH\View\View.php(216): CodeIgniter\View\View->CodeIgniter\View\{closure}()
 4 SYSTEMPATH\View\View.php(229): CodeIgniter\View\View->render('layout/templates', [], true)
 5 SYSTEMPATH\Common.php(1135): CodeIgniter\View\View->render('pages/dashboard', [], true)
 6 APPPATH\Controllers\Pages.php(17): view('pages/dashboard')
 7 SYSTEMPATH\CodeIgniter.php(896): App\Controllers\Pages->dashboard()
 8 SYSTEMPATH\CodeIgniter.php(466): CodeIgniter\CodeIgniter->runController(Object(App\Controllers\Pages))
 9 SYSTEMPATH\CodeIgniter.php(349): CodeIgniter\CodeIgniter->handleRequest(null, Object(Config\Cache), false)
10 FCPATH\index.php(55): CodeIgniter\CodeIgniter->run()
11 SYSTEMPATH\Commands\Server\rewrite.php(43): require_once('FCPATH\\index.php')
CRITICAL - 2022-06-23 09:21:29 --> Undefined variable $userLogin
in APPPATH\Views\layout\templates.php on line 93.
 1 APPPATH\Views\layout\templates.php(93): CodeIgniter\Debug\Exceptions->errorHandler(2, 'Undefined variable $userLogin', 'APPPATH\\Views\\layout\\templates.php', 93)
 2 SYSTEMPATH\View\View.php(213): include('APPPATH\\Views\\layout\\templates.php')
 3 SYSTEMPATH\View\View.php(216): CodeIgniter\View\View->CodeIgniter\View\{closure}()
 4 SYSTEMPATH\View\View.php(229): CodeIgniter\View\View->render('layout/templates', [], true)
 5 SYSTEMPATH\Common.php(1135): CodeIgniter\View\View->render('pages/dashboard', [], true)
 6 APPPATH\Controllers\Pages.php(17): view('pages/dashboard')
 7 SYSTEMPATH\CodeIgniter.php(896): App\Controllers\Pages->dashboard()
 8 SYSTEMPATH\CodeIgniter.php(466): CodeIgniter\CodeIgniter->runController(Object(App\Controllers\Pages))
 9 SYSTEMPATH\CodeIgniter.php(349): CodeIgniter\CodeIgniter->handleRequest(null, Object(Config\Cache), false)
10 FCPATH\index.php(55): CodeIgniter\CodeIgniter->run()
11 SYSTEMPATH\Commands\Server\rewrite.php(43): require_once('FCPATH\\index.php')
CRITICAL - 2022-06-23 09:26:21 --> Undefined variable $userLogin
in APPPATH\Views\layout\templates.php on line 93.
 1 APPPATH\Views\layout\templates.php(93): CodeIgniter\Debug\Exceptions->errorHandler(2, 'Undefined variable $userLogin', 'APPPATH\\Views\\layout\\templates.php', 93)
 2 SYSTEMPATH\View\View.php(213): include('APPPATH\\Views\\layout\\templates.php')
 3 SYSTEMPATH\View\View.php(216): CodeIgniter\View\View->CodeIgniter\View\{closure}()
 4 SYSTEMPATH\View\View.php(229): CodeIgniter\View\View->render('layout/templates', [], true)
 5 SYSTEMPATH\Common.php(1135): CodeIgniter\View\View->render('pages/dashboard', [], true)
 6 APPPATH\Controllers\Pages.php(17): view('pages/dashboard')
 7 SYSTEMPATH\CodeIgniter.php(896): App\Controllers\Pages->dashboard()
 8 SYSTEMPATH\CodeIgniter.php(466): CodeIgniter\CodeIgniter->runController(Object(App\Controllers\Pages))
 9 SYSTEMPATH\CodeIgniter.php(349): CodeIgniter\CodeIgniter->handleRequest(null, Object(Config\Cache), false)
10 FCPATH\index.php(55): CodeIgniter\CodeIgniter->run()
11 SYSTEMPATH\Commands\Server\rewrite.php(43): require_once('FCPATH\\index.php')
